SF:D:\Users\neker\source\repos\ClingoSharp\src\ClingoSharp.CoreServices\Shared\Repository.cs
FN:37,T ClingoSharp.CoreServices.Repository::GetModule()
FNDA:2,T ClingoSharp.CoreServices.Repository::GetModule()
DA:38,2
DA:39,2
DA:40,2
FN:47,ClingoSharp.CoreServices.Interfaces.IClingoModule ClingoSharp.CoreServices.Repository::GetModule(System.Type)
FNDA:0,ClingoSharp.CoreServices.Interfaces.IClingoModule ClingoSharp.CoreServices.Repository::GetModule(System.Type)
DA:48,0
DA:49,0
DA:50,0
FN:23,System.Void ClingoSharp.CoreServices.Repository::.cctor()
FNDA:1,System.Void ClingoSharp.CoreServices.Repository::.cctor()
DA:24,1
DA:25,1
DA:26,1
LF:9
LH:6
BRF:0
BRH:0
FNF:3
FNH:2
end_of_record
SF:D:\Users\neker\source\repos\ClingoSharp\src\ClingoSharp.CoreServices\Types\Atom.cs
FN:9,System.UInt32 ClingoSharp.CoreServices.Types.Atom::get_Value()
FNDA:0,System.UInt32 ClingoSharp.CoreServices.Types.Atom::get_Value()
DA:10,0
FN:16,System.UInt32 ClingoSharp.CoreServices.Types.Atom::op_Implicit(ClingoSharp.CoreServices.Types.Atom)
FNDA:0,System.UInt32 ClingoSharp.CoreServices.Types.Atom::op_Implicit(ClingoSharp.CoreServices.Types.Atom)
DA:17,0
DA:18,0
DA:19,0
FN:25,ClingoSharp.CoreServices.Types.Atom ClingoSharp.CoreServices.Types.Atom::op_Implicit(System.UInt32)
FNDA:0,ClingoSharp.CoreServices.Types.Atom ClingoSharp.CoreServices.Types.Atom::op_Implicit(System.UInt32)
DA:26,0
DA:27,0
DA:28,0
LF:7
LH:0
BRF:0
BRH:0
FNF:3
FNH:0
end_of_record
SF:D:\Users\neker\source\repos\ClingoSharp\src\ClingoSharp.CoreServices\Types\Control.cs
FN:10,System.IntPtr ClingoSharp.CoreServices.Types.Control::get_Object()
FNDA:0,System.IntPtr ClingoSharp.CoreServices.Types.Control::get_Object()
DA:11,0
LF:1
LH:0
BRF:0
BRH:0
FNF:1
FNH:0
end_of_record
SF:D:\Users\neker\source\repos\ClingoSharp\src\ClingoSharp.CoreServices\Types\Id.cs
FN:9,System.UInt32 ClingoSharp.CoreServices.Types.Id::get_Value()
FNDA:0,System.UInt32 ClingoSharp.CoreServices.Types.Id::get_Value()
DA:10,0
FN:16,System.UInt32 ClingoSharp.CoreServices.Types.Id::op_Implicit(ClingoSharp.CoreServices.Types.Id)
FNDA:0,System.UInt32 ClingoSharp.CoreServices.Types.Id::op_Implicit(ClingoSharp.CoreServices.Types.Id)
DA:17,0
DA:18,0
DA:19,0
FN:25,ClingoSharp.CoreServices.Types.Id ClingoSharp.CoreServices.Types.Id::op_Implicit(System.UInt32)
FNDA:0,ClingoSharp.CoreServices.Types.Id ClingoSharp.CoreServices.Types.Id::op_Implicit(System.UInt32)
DA:26,0
DA:27,0
DA:28,0
LF:7
LH:0
BRF:0
BRH:0
FNF:3
FNH:0
end_of_record
SF:D:\Users\neker\source\repos\ClingoSharp\src\ClingoSharp.CoreServices\Types\Literal.cs
FN:9,System.Int32 ClingoSharp.CoreServices.Types.Literal::get_Value()
FNDA:0,System.Int32 ClingoSharp.CoreServices.Types.Literal::get_Value()
DA:10,0
FN:16,System.Int32 ClingoSharp.CoreServices.Types.Literal::op_Implicit(ClingoSharp.CoreServices.Types.Literal)
FNDA:0,System.Int32 ClingoSharp.CoreServices.Types.Literal::op_Implicit(ClingoSharp.CoreServices.Types.Literal)
DA:17,0
DA:18,0
DA:19,0
FN:25,ClingoSharp.CoreServices.Types.Literal ClingoSharp.CoreServices.Types.Literal::op_Implicit(System.Int32)
FNDA:0,ClingoSharp.CoreServices.Types.Literal ClingoSharp.CoreServices.Types.Literal::op_Implicit(System.Int32)
DA:26,0
DA:27,0
DA:28,0
LF:7
LH:0
BRF:0
BRH:0
FNF:3
FNH:0
end_of_record
SF:D:\Users\neker\source\repos\ClingoSharp\src\ClingoSharp.CoreServices\Types\Location.cs
FN:15,System.String ClingoSharp.CoreServices.Types.Location::get_BeginFile()
FNDA:0,System.String ClingoSharp.CoreServices.Types.Location::get_BeginFile()
DA:16,0
FN:20,System.String ClingoSharp.CoreServices.Types.Location::get_EndFile()
FNDA:0,System.String ClingoSharp.CoreServices.Types.Location::get_EndFile()
DA:21,0
FN:25,System.UInt32 ClingoSharp.CoreServices.Types.Location::get_BeginLine()
FNDA:0,System.UInt32 ClingoSharp.CoreServices.Types.Location::get_BeginLine()
DA:26,0
FN:30,System.UInt32 ClingoSharp.CoreServices.Types.Location::get_BeginColumn()
FNDA:0,System.UInt32 ClingoSharp.CoreServices.Types.Location::get_BeginColumn()
DA:31,0
FN:35,System.UInt32 ClingoSharp.CoreServices.Types.Location::get_EndLine()
FNDA:0,System.UInt32 ClingoSharp.CoreServices.Types.Location::get_EndLine()
DA:36,0
FN:40,System.UInt32 ClingoSharp.CoreServices.Types.Location::get_EndColumn()
FNDA:0,System.UInt32 ClingoSharp.CoreServices.Types.Location::get_EndColumn()
DA:41,0
LF:6
LH:0
BRF:0
BRH:0
FNF:6
FNH:0
end_of_record
SF:D:\Users\neker\source\repos\ClingoSharp\src\ClingoSharp.CoreServices\Types\Model.cs
FN:10,System.IntPtr ClingoSharp.CoreServices.Types.Model::get_Object()
FNDA:0,System.IntPtr ClingoSharp.CoreServices.Types.Model::get_Object()
DA:11,0
LF:1
LH:0
BRF:0
BRH:0
FNF:1
FNH:0
end_of_record
SF:D:\Users\neker\source\repos\ClingoSharp\src\ClingoSharp.CoreServices\Types\Part.cs
FN:17,System.String ClingoSharp.CoreServices.Types.Part::get_Name()
FNDA:0,System.String ClingoSharp.CoreServices.Types.Part::get_Name()
DA:18,0
FN:22,ClingoSharp.CoreServices.Types.Symbol[] ClingoSharp.CoreServices.Types.Part::get_Params()
FNDA:0,ClingoSharp.CoreServices.Types.Symbol[] ClingoSharp.CoreServices.Types.Part::get_Params()
DA:23,0
LF:2
LH:0
BRF:0
BRH:0
FNF:2
FNH:0
end_of_record
SF:D:\Users\neker\source\repos\ClingoSharp\src\ClingoSharp.CoreServices\Types\Signature.cs
FN:10,System.UInt64 ClingoSharp.CoreServices.Types.Signature::get_Value()
FNDA:0,System.UInt64 ClingoSharp.CoreServices.Types.Signature::get_Value()
DA:11,0
FN:17,System.UInt64 ClingoSharp.CoreServices.Types.Signature::op_Implicit(ClingoSharp.CoreServices.Types.Signature)
FNDA:0,System.UInt64 ClingoSharp.CoreServices.Types.Signature::op_Implicit(ClingoSharp.CoreServices.Types.Signature)
DA:18,0
DA:19,0
DA:20,0
FN:26,ClingoSharp.CoreServices.Types.Signature ClingoSharp.CoreServices.Types.Signature::op_Implicit(System.UInt64)
FNDA:0,ClingoSharp.CoreServices.Types.Signature ClingoSharp.CoreServices.Types.Signature::op_Implicit(System.UInt64)
DA:27,0
DA:28,0
DA:29,0
LF:7
LH:0
BRF:0
BRH:0
FNF:3
FNH:0
end_of_record
SF:D:\Users\neker\source\repos\ClingoSharp\src\ClingoSharp.CoreServices\Types\SolveControl.cs
FN:10,System.IntPtr ClingoSharp.CoreServices.Types.SolveControl::get_Object()
FNDA:0,System.IntPtr ClingoSharp.CoreServices.Types.SolveControl::get_Object()
DA:11,0
LF:1
LH:0
BRF:0
BRH:0
FNF:1
FNH:0
end_of_record
SF:D:\Users\neker\source\repos\ClingoSharp\src\ClingoSharp.CoreServices\Types\SolveHandle.cs
FN:10,System.IntPtr ClingoSharp.CoreServices.Types.SolveHandle::get_Object()
FNDA:0,System.IntPtr ClingoSharp.CoreServices.Types.SolveHandle::get_Object()
DA:11,0
LF:1
LH:0
BRF:0
BRH:0
FNF:1
FNH:0
end_of_record
SF:D:\Users\neker\source\repos\ClingoSharp\src\ClingoSharp.CoreServices\Types\Symbol.cs
FN:10,System.UInt64 ClingoSharp.CoreServices.Types.Symbol::get_Value()
FNDA:0,System.UInt64 ClingoSharp.CoreServices.Types.Symbol::get_Value()
DA:11,0
FN:17,System.UInt64 ClingoSharp.CoreServices.Types.Symbol::op_Implicit(ClingoSharp.CoreServices.Types.Symbol)
FNDA:0,System.UInt64 ClingoSharp.CoreServices.Types.Symbol::op_Implicit(ClingoSharp.CoreServices.Types.Symbol)
DA:18,0
DA:19,0
DA:20,0
FN:26,ClingoSharp.CoreServices.Types.Symbol ClingoSharp.CoreServices.Types.Symbol::op_Implicit(System.UInt64)
FNDA:0,ClingoSharp.CoreServices.Types.Symbol ClingoSharp.CoreServices.Types.Symbol::op_Implicit(System.UInt64)
DA:27,0
DA:28,0
DA:29,0
LF:7
LH:0
BRF:0
BRH:0
FNF:3
FNH:0
end_of_record
SF:D:\Users\neker\source\repos\ClingoSharp\src\ClingoSharp.CoreServices\Types\SymbolicAtomIterator.cs
FN:14,System.UInt64 ClingoSharp.CoreServices.Types.SymbolicAtomIterator::get_Value()
FNDA:0,System.UInt64 ClingoSharp.CoreServices.Types.SymbolicAtomIterator::get_Value()
DA:15,0
FN:21,System.UInt64 ClingoSharp.CoreServices.Types.SymbolicAtomIterator::op_Implicit(ClingoSharp.CoreServices.Types.SymbolicAtomIterator)
FNDA:0,System.UInt64 ClingoSharp.CoreServices.Types.SymbolicAtomIterator::op_Implicit(ClingoSharp.CoreServices.Types.SymbolicAtomIterator)
DA:22,0
DA:23,0
DA:24,0
FN:30,ClingoSharp.CoreServices.Types.SymbolicAtomIterator ClingoSharp.CoreServices.Types.SymbolicAtomIterator::op_Implicit(System.UInt64)
FNDA:0,ClingoSharp.CoreServices.Types.SymbolicAtomIterator ClingoSharp.CoreServices.Types.SymbolicAtomIterator::op_Implicit(System.UInt64)
DA:31,0
DA:32,0
DA:33,0
LF:7
LH:0
BRF:0
BRH:0
FNF:3
FNH:0
end_of_record
SF:D:\Users\neker\source\repos\ClingoSharp\src\ClingoSharp.CoreServices\Types\SymbolicAtoms.cs
FN:10,System.IntPtr ClingoSharp.CoreServices.Types.SymbolicAtoms::get_Object()
FNDA:0,System.IntPtr ClingoSharp.CoreServices.Types.SymbolicAtoms::get_Object()
DA:11,0
LF:1
LH:0
BRF:0
BRH:0
FNF:1
FNH:0
end_of_record
SF:D:\Users\neker\source\repos\ClingoSharp\src\ClingoSharp.CoreServices\Types\TruthValue.cs
FN:10,System.Int32 ClingoSharp.CoreServices.Types.TruthValue::get_Value()
FNDA:0,System.Int32 ClingoSharp.CoreServices.Types.TruthValue::get_Value()
DA:11,0
FN:17,System.Int32 ClingoSharp.CoreServices.Types.TruthValue::op_Implicit(ClingoSharp.CoreServices.Types.TruthValue)
FNDA:0,System.Int32 ClingoSharp.CoreServices.Types.TruthValue::op_Implicit(ClingoSharp.CoreServices.Types.TruthValue)
DA:18,0
DA:19,0
DA:20,0
FN:26,ClingoSharp.CoreServices.Types.TruthValue ClingoSharp.CoreServices.Types.TruthValue::op_Implicit(System.Int32)
FNDA:0,ClingoSharp.CoreServices.Types.TruthValue ClingoSharp.CoreServices.Types.TruthValue::op_Implicit(System.Int32)
DA:27,0
DA:28,0
DA:29,0
LF:7
LH:0
BRF:0
BRH:0
FNF:3
FNH:0
end_of_record
SF:D:\Users\neker\source\repos\ClingoSharp\src\ClingoSharp.CoreServices\Types\Weight.cs
FN:9,System.Int32 ClingoSharp.CoreServices.Types.Weight::get_Value()
FNDA:0,System.Int32 ClingoSharp.CoreServices.Types.Weight::get_Value()
DA:10,0
FN:16,System.Int32 ClingoSharp.CoreServices.Types.Weight::op_Implicit(ClingoSharp.CoreServices.Types.Weight)
FNDA:0,System.Int32 ClingoSharp.CoreServices.Types.Weight::op_Implicit(ClingoSharp.CoreServices.Types.Weight)
DA:17,0
DA:18,0
DA:19,0
FN:25,ClingoSharp.CoreServices.Types.Weight ClingoSharp.CoreServices.Types.Weight::op_Implicit(System.Int32)
FNDA:0,ClingoSharp.CoreServices.Types.Weight ClingoSharp.CoreServices.Types.Weight::op_Implicit(System.Int32)
DA:26,0
DA:27,0
DA:28,0
LF:7
LH:0
BRF:0
BRH:0
FNF:3
FNH:0
end_of_record
SF:D:\Users\neker\source\repos\ClingoSharp\src\ClingoSharp.CoreServices\Shared\ClingoContext.cs
FN:14,System.Reflection.Assembly ClingoSharp.CoreServices.Shared.ClingoContext::Load(System.Reflection.AssemblyName)
FNDA:8,System.Reflection.Assembly ClingoSharp.CoreServices.Shared.ClingoContext::Load(System.Reflection.AssemblyName)
DA:15,8
DA:16,8
DA:17,1
DA:19,1
DA:21,1
DA:23,1
DA:26,7
DA:27,8
BRDA:16,19,0,1
BRDA:16,19,1,7
FN:29,System.IntPtr ClingoSharp.CoreServices.Shared.ClingoContext::LoadUnmanagedDll(System.String)
FNDA:2,System.IntPtr ClingoSharp.CoreServices.Shared.ClingoContext::LoadUnmanagedDll(System.String)
DA:30,2
DA:31,2
DA:32,2
DA:33,2
DA:36,0
DA:37,2
BRDA:31,14,0,2
BRDA:31,14,1,0
FN:39,System.IntPtr ClingoSharp.CoreServices.Shared.ClingoContext::LoadNativeClingoLibrary()
FNDA:2,System.IntPtr ClingoSharp.CoreServices.Shared.ClingoContext::LoadNativeClingoLibrary()
DA:40,2
DA:42,2
DA:44,2
DA:46,2
DA:49,2
DA:50,2
DA:51,2
DA:52,2
DA:53,0
DA:54,0
DA:55,0
DA:56,0
DA:58,0
DA:59,0
DA:60,0
DA:63,2
DA:64,2
BRDA:46,44,0,0
BRDA:46,44,1,2
BRDA:49,73,0,2
BRDA:49,73,1,0
BRDA:53,99,0,0
BRDA:53,99,1,0
FN:70,ClingoSharp.CoreServices.Interfaces.IClingoModule ClingoSharp.CoreServices.Shared.ClingoContext::GetModule(System.Type)
FNDA:2,ClingoSharp.CoreServices.Interfaces.IClingoModule ClingoSharp.CoreServices.Shared.ClingoContext::GetModule(System.Type)
DA:71,2
DA:72,2
DA:73,2
DA:74,2
DA:75,2
FN:77,T ClingoSharp.CoreServices.Shared.ClingoContext::GetModule()
FNDA:2,T ClingoSharp.CoreServices.Shared.ClingoContext::GetModule()
DA:78,2
DA:79,2
DA:80,2
LF:39
LH:31
BRF:10
BRH:5
FNF:5
FNH:5
end_of_record
SF:D:\Users\neker\source\repos\ClingoSharp\src\ClingoSharp\Clingo.cs
FN:30,System.String ClingoSharp.Clingo::get_Version()
FNDA:1,System.String ClingoSharp.Clingo::get_Version()
DA:31,1
DA:32,1
DA:33,1
DA:34,1
DA:35,1
DA:37,1
DA:38,1
BRDA:32,11,0,1
BRDA:32,11,1,1
FN:63,System.Void ClingoSharp.Clingo::HandleClingoError(System.Boolean)
FNDA:1,System.Void ClingoSharp.Clingo::HandleClingoError(System.Boolean)
DA:64,1
DA:65,1
DA:66,0
DA:67,0
DA:68,0
DA:70,0
DA:73,0
DA:75,0
DA:77,0
DA:79,0
DA:81,0
DA:83,0
DA:84,1
BRDA:65,7,0,0
BRDA:68,27,0,0
BRDA:68,27,1,0
BRDA:70,53,2,0
BRDA:70,53,3,0
BRDA:70,53,4,0
BRDA:70,53,5,0
BRDA:70,53,1,0
BRDA:70,53,0,0
BRDA:65,7,1,1
FN:90,ClingoSharp.CoreServices.Interfaces.IClingoModule ClingoSharp.Clingo::GetModule()
FNDA:0,ClingoSharp.CoreServices.Interfaces.IClingoModule ClingoSharp.Clingo::GetModule()
DA:91,0
DA:92,0
DA:93,0
FN:99,ClingoSharp.CoreServices.Interfaces.Modules.IMainModule ClingoSharp.Clingo::GetMainModule()
FNDA:0,ClingoSharp.CoreServices.Interfaces.Modules.IMainModule ClingoSharp.Clingo::GetMainModule()
DA:100,0
DA:101,0
DA:102,0
FN:17,System.Void ClingoSharp.Clingo::.cctor()
FNDA:1,System.Void ClingoSharp.Clingo::.cctor()
DA:18,1
DA:46,1
DA:47,1
DA:48,1
LF:30
LH:14
BRF:12
BRH:3
FNF:5
FNH:3
end_of_record
SF:D:\Users\neker\source\repos\ClingoSharp\src\ClingoSharp\Control.cs
FN:42,ClingoSharp.SymbolicAtoms ClingoSharp.Control::get_SymbolicAtoms()
FNDA:0,ClingoSharp.SymbolicAtoms ClingoSharp.Control::get_SymbolicAtoms()
DA:43,0
DA:44,0
DA:45,0
DA:46,0
FN:89,System.Void ClingoSharp.Control::Finalize()
FNDA:0,System.Void ClingoSharp.Control::Finalize()
DA:90,0
DA:91,0
DA:92,0
FN:102,ClingoSharp.CoreServices.Interfaces.IClingoModule ClingoSharp.Control::GetModule()
FNDA:0,ClingoSharp.CoreServices.Interfaces.IClingoModule ClingoSharp.Control::GetModule()
DA:103,0
DA:104,0
DA:105,0
FN:111,ClingoSharp.CoreServices.Interfaces.Modules.IControlModule ClingoSharp.Control::GetControlModule()
FNDA:0,ClingoSharp.CoreServices.Interfaces.Modules.IControlModule ClingoSharp.Control::GetControlModule()
DA:112,0
DA:113,0
DA:114,0
FN:116,ClingoSharp.CoreServices.Types.Control ClingoSharp.Control::op_Implicit(ClingoSharp.Control)
FNDA:0,ClingoSharp.CoreServices.Types.Control ClingoSharp.Control::op_Implicit(ClingoSharp.Control)
DA:117,0
DA:118,0
DA:119,0
FN:121,ClingoSharp.Control ClingoSharp.Control::op_Implicit(ClingoSharp.CoreServices.Types.Control)
FNDA:0,ClingoSharp.Control ClingoSharp.Control::op_Implicit(ClingoSharp.CoreServices.Types.Control)
DA:122,0
DA:123,0
DA:124,0
FN:131,System.Void ClingoSharp.Control::Dispose()
FNDA:0,System.Void ClingoSharp.Control::Dispose()
DA:132,0
DA:133,0
DA:134,0
DA:135,0
DA:136,0
DA:137,0
DA:138,0
DA:140,0
DA:141,0
BRDA:133,12,0,0
BRDA:133,12,1,0
FN:149,System.Void ClingoSharp.Control::Add(System.String,System.Collections.Generic.List`1<System.String>,System.String)
FNDA:0,System.Void ClingoSharp.Control::Add(System.String,System.Collections.Generic.List`1<System.String>,System.String)
DA:150,0
DA:151,0
DA:152,0
BRDA:151,14,0,0
BRDA:151,14,1,0
FN:158,System.Void ClingoSharp.Control::Ground(System.Collections.Generic.List`1<System.Tuple`2<System.String,System.Collections.Generic.List`1<ClingoSharp.Symbol>>>,System.Object)
FNDA:0,System.Void ClingoSharp.Control::Ground(System.Collections.Generic.List`1<System.Tuple`2<System.String,System.Collections.Generic.List`1<ClingoSharp.Symbol>>>,System.Object)
DA:159,0
DA:197,0
DA:198,0
DA:199,0
DA:200,0
DA:201,0
DA:203,0
DA:204,0
BRDA:197,16,0,0
BRDA:197,16,1,0
BRDA:203,82,0,0
BRDA:203,82,1,0
FN:216,ClingoSharp.Union`2<ClingoSharp.SolveHandle,ClingoSharp.SolveResult> ClingoSharp.Control::Solve(System.Collections.Generic.List`1<ClingoSharp.Union`2<System.Tuple`2<ClingoSharp.Symbol,System.Boolean>,System.Int32>>,System.Func`2<ClingoSharp.Model,System.Boolean>,System.Action`2<ClingoSharp.StatisticsMap,ClingoSharp.StatisticsMap>,System.Action`1<ClingoSharp.SolveResult>,System.Boolean,System.Boolean)
FNDA:0,ClingoSharp.Union`2<ClingoSharp.SolveHandle,ClingoSharp.SolveResult> ClingoSharp.Control::Solve(System.Collections.Generic.List`1<ClingoSharp.Union`2<System.Tuple`2<ClingoSharp.Symbol,System.Boolean>,System.Int32>>,System.Func`2<ClingoSharp.Model,System.Boolean>,System.Action`2<ClingoSharp.StatisticsMap,ClingoSharp.StatisticsMap>,System.Action`1<ClingoSharp.SolveResult>,System.Boolean,System.Boolean)
DA:217,0
DA:270,0
DA:271,0
DA:272,0
DA:273,0
DA:274,0
DA:275,0
DA:276,0
DA:277,0
DA:278,0
DA:279,0
DA:281,0
DA:282,0
DA:283,0
DA:284,0
DA:285,0
DA:286,0
DA:287,0
DA:288,0
DA:289,0
DA:290,0
DA:291,0
DA:292,0
DA:293,0
DA:294,0
DA:295,0
DA:296,0
DA:298,0
DA:299,0
DA:300,0
DA:302,0
DA:304,0
DA:307,0
DA:308,0
DA:309,0
DA:312,0
DA:313,0
BRDA:272,51,0,0
BRDA:274,246,1,0
BRDA:276,92,0,0
BRDA:276,92,1,0
BRDA:283,146,0,0
BRDA:286,172,0,0
BRDA:286,172,1,0
BRDA:283,146,1,0
BRDA:289,207,0,0
BRDA:289,207,1,0
BRDA:274,246,0,0
BRDA:272,51,1,0
BRDA:299,277,0,0
BRDA:299,277,1,0
BRDA:300,291,0,0
BRDA:300,291,1,0
BRDA:302,323,0,0
BRDA:302,331,0,0
BRDA:302,323,1,0
BRDA:302,331,1,0
BRDA:302,339,0,0
BRDA:302,339,1,0
BRDA:307,380,0,0
BRDA:307,380,1,0
BRDA:307,394,0,0
BRDA:307,394,1,0
FN:53,System.Void ClingoSharp.Control::.cctor()
FNDA:1,System.Void ClingoSharp.Control::.cctor()
DA:54,1
DA:55,1
DA:56,1
FN:33,System.Void ClingoSharp.Control::.ctor(ClingoSharp.CoreServices.Types.Control)
FNDA:0,System.Void ClingoSharp.Control::.ctor(ClingoSharp.CoreServices.Types.Control)
DA:34,0
DA:58,0
DA:59,0
DA:60,0
DA:61,0
FN:68,System.Void ClingoSharp.Control::.ctor(System.Collections.Generic.List`1<System.String>,System.Action`2<ClingoSharp.MessageCode,System.String>,System.Int32)
FNDA:1,System.Void ClingoSharp.Control::.ctor(System.Collections.Generic.List`1<System.String>,System.Action`2<ClingoSharp.MessageCode,System.String>,System.Int32)
DA:69,1
DA:70,1
DA:80,1
DA:82,1
DA:83,1
BRDA:80,35,0,1
BRDA:80,35,1,0
FN:71,System.Void ClingoSharp.Control/<>c__DisplayClass7_0::<.ctor>g__loggerCallback|0(ClingoSharp.CoreServices.Enums.WarningCode,System.String,System.IntPtr)
FNDA:0,System.Void ClingoSharp.Control/<>c__DisplayClass7_0::<.ctor>g__loggerCallback|0(ClingoSharp.CoreServices.Enums.WarningCode,System.String,System.IntPtr)
DA:72,0
DA:73,0
DA:74,0
DA:75,0
DA:76,0
DA:77,0
DA:78,0
BRDA:73,12,0,0
BRDA:73,12,1,0
FN:161,System.Boolean ClingoSharp.Control/<>c__DisplayClass15_0::<Ground>g__groundCallback|0(ClingoSharp.CoreServices.Types.Location,System.String,ClingoSharp.CoreServices.Types.Symbol[],System.IntPtr,ClingoSharp.CoreServices.Callbacks.SymbolCallback,System.IntPtr)
FNDA:0,System.Boolean ClingoSharp.Control/<>c__DisplayClass15_0::<Ground>g__groundCallback|0(ClingoSharp.CoreServices.Types.Location,System.String,ClingoSharp.CoreServices.Types.Symbol[],System.IntPtr,ClingoSharp.CoreServices.Callbacks.SymbolCallback,System.IntPtr)
DA:162,0
DA:164,0
DA:166,0
DA:167,0
DA:170,0
DA:171,0
DA:172,0
DA:174,0
DA:175,0
DA:176,0
DA:177,0
DA:178,0
DA:179,0
DA:180,0
DA:181,0
DA:182,0
DA:184,0
DA:185,0
DA:188,0
DA:190,0
DA:191,0
DA:192,0
DA:194,0
BRDA:171,55,0,0
BRDA:171,55,1,0
BRDA:176,92,0,0
BRDA:178,143,1,0
BRDA:178,143,0,0
BRDA:176,92,1,0
FN:219,System.Boolean ClingoSharp.Control/<>c__DisplayClass16_0::<Solve>g__notifyCallback|0(ClingoSharp.CoreServices.Enums.SolveEventType,System.IntPtr,System.Boolean&)
FNDA:0,System.Boolean ClingoSharp.Control/<>c__DisplayClass16_0::<Solve>g__notifyCallback|0(ClingoSharp.CoreServices.Enums.SolveEventType,System.IntPtr,System.Boolean&)
DA:220,0
DA:221,0
DA:224,0
DA:225,0
DA:228,0
DA:229,0
DA:230,0
DA:231,0
DA:232,0
DA:234,0
DA:237,0
DA:238,0
DA:239,0
DA:240,0
DA:242,0
DA:243,0
DA:244,0
DA:245,0
DA:247,0
DA:250,0
DA:251,0
DA:252,0
DA:253,0
DA:254,0
DA:256,0
DA:259,0
DA:262,0
DA:263,0
DA:265,0
DA:267,0
BRDA:225,10,1,0
BRDA:228,43,0,0
BRDA:228,43,1,0
BRDA:225,10,2,0
BRDA:237,98,0,0
BRDA:237,98,1,0
BRDA:225,10,3,0
BRDA:250,169,0,0
BRDA:250,169,1,0
BRDA:225,10,0,0
LF:149
LH:8
BRF:54
BRH:1
FNF:16
FNH:2
end_of_record
SF:D:\Users\neker\source\repos\ClingoSharp\src\ClingoSharp\MessageCode.cs
FN:27,ClingoSharp.MessageCode ClingoSharp.MessageCode::get_OperationUndefined()
FNDA:0,ClingoSharp.MessageCode ClingoSharp.MessageCode::get_OperationUndefined()
DA:28,0
FN:28,ClingoSharp.MessageCode ClingoSharp.MessageCode::get_RuntimeError()
FNDA:0,ClingoSharp.MessageCode ClingoSharp.MessageCode::get_RuntimeError()
DA:29,0
FN:29,ClingoSharp.MessageCode ClingoSharp.MessageCode::get_AtomUndefined()
FNDA:0,ClingoSharp.MessageCode ClingoSharp.MessageCode::get_AtomUndefined()
DA:30,0
FN:30,ClingoSharp.MessageCode ClingoSharp.MessageCode::get_FileIncluded()
FNDA:0,ClingoSharp.MessageCode ClingoSharp.MessageCode::get_FileIncluded()
DA:31,0
FN:31,ClingoSharp.MessageCode ClingoSharp.MessageCode::get_VariableUnbounded()
FNDA:0,ClingoSharp.MessageCode ClingoSharp.MessageCode::get_VariableUnbounded()
DA:32,0
FN:32,ClingoSharp.MessageCode ClingoSharp.MessageCode::get_GlobalVariable()
FNDA:0,ClingoSharp.MessageCode ClingoSharp.MessageCode::get_GlobalVariable()
DA:33,0
FN:33,ClingoSharp.MessageCode ClingoSharp.MessageCode::get_Other()
FNDA:0,ClingoSharp.MessageCode ClingoSharp.MessageCode::get_Other()
DA:34,0
FN:39,System.String ClingoSharp.MessageCode::get_Name()
FNDA:0,System.String ClingoSharp.MessageCode::get_Name()
DA:40,0
FN:53,System.Collections.Generic.IEnumerable`1<System.String> ClingoSharp.MessageCode::GetNames()
FNDA:0,System.Collections.Generic.IEnumerable`1<System.String> ClingoSharp.MessageCode::GetNames()
DA:54,0
DA:55,0
DA:56,0
FN:59,System.Collections.Generic.IEnumerable`1<ClingoSharp.Enums.Enumeration> ClingoSharp.MessageCode::GetValues()
FNDA:0,System.Collections.Generic.IEnumerable`1<ClingoSharp.Enums.Enumeration> ClingoSharp.MessageCode::GetValues()
DA:60,0
DA:61,0
DA:62,0
FN:69,System.Int32 ClingoSharp.MessageCode::CompareTo(ClingoSharp.Enums.Enumeration)
FNDA:0,System.Int32 ClingoSharp.MessageCode::CompareTo(ClingoSharp.Enums.Enumeration)
DA:70,0
DA:71,0
DA:72,0
DA:73,0
DA:76,0
DA:77,0
BRDA:71,2,0,0
BRDA:71,2,1,0
BRDA:71,21,0,0
BRDA:71,21,1,0
FN:80,System.Boolean ClingoSharp.MessageCode::Equals(ClingoSharp.Enums.Enumeration)
FNDA:0,System.Boolean ClingoSharp.MessageCode::Equals(ClingoSharp.Enums.Enumeration)
DA:81,0
DA:82,0
DA:83,0
DA:84,0
DA:87,0
DA:88,0
BRDA:82,2,0,0
BRDA:82,2,1,0
BRDA:82,21,0,0
BRDA:82,21,1,0
FN:91,System.String ClingoSharp.MessageCode::ToString()
FNDA:0,System.String ClingoSharp.MessageCode::ToString()
DA:92,0
DA:93,0
DA:94,0
FN:45,System.Void ClingoSharp.MessageCode::.ctor(System.Int32)
FNDA:0,System.Void ClingoSharp.MessageCode::.ctor(System.Int32)
DA:46,0
FN:12,System.Void ClingoSharp.MessageCode::.cctor()
FNDA:0,System.Void ClingoSharp.MessageCode::.cctor()
DA:13,0
DA:14,0
DA:15,0
DA:16,0
DA:17,0
DA:18,0
DA:19,0
DA:20,0
DA:21,0
DA:22,0
LF:40
LH:0
BRF:8
BRH:0
FNF:15
FNH:0
end_of_record
SF:D:\Users\neker\source\repos\ClingoSharp\src\ClingoSharp\Model.cs
FN:36,ClingoSharp.SolveControl ClingoSharp.Model::get_Context()
FNDA:0,ClingoSharp.SolveControl ClingoSharp.Model::get_Context()
DA:37,0
DA:38,0
DA:39,0
DA:40,0
FN:49,System.Collections.Generic.List`1<System.Int32> ClingoSharp.Model::get_Cost()
FNDA:0,System.Collections.Generic.List`1<System.Int32> ClingoSharp.Model::get_Cost()
DA:50,0
DA:51,0
DA:52,0
DA:53,0
FN:61,System.Int32 ClingoSharp.Model::get_Number()
FNDA:0,System.Int32 ClingoSharp.Model::get_Number()
DA:62,0
DA:63,0
DA:64,0
DA:65,0
FN:73,System.Boolean ClingoSharp.Model::get_OptimalityProven()
FNDA:0,System.Boolean ClingoSharp.Model::get_OptimalityProven()
DA:74,0
DA:75,0
DA:76,0
DA:77,0
FN:85,System.Int32 ClingoSharp.Model::get_ThreadId()
FNDA:0,System.Int32 ClingoSharp.Model::get_ThreadId()
DA:86,0
DA:87,0
DA:88,0
DA:89,0
FN:97,ClingoSharp.ModelType ClingoSharp.Model::get_Type()
FNDA:0,ClingoSharp.ModelType ClingoSharp.Model::get_Type()
DA:98,0
DA:99,0
DA:101,0
DA:102,0
DA:103,0
DA:104,0
DA:105,0
DA:106,0
DA:107,0
DA:108,0
BRDA:101,26,1,0
BRDA:101,26,2,0
BRDA:101,26,3,0
BRDA:101,26,0,0
FN:129,ClingoSharp.CoreServices.Types.Model ClingoSharp.Model::op_Implicit(ClingoSharp.Model)
FNDA:0,ClingoSharp.CoreServices.Types.Model ClingoSharp.Model::op_Implicit(ClingoSharp.Model)
DA:130,0
DA:131,0
DA:132,0
FN:134,ClingoSharp.Model ClingoSharp.Model::op_Implicit(ClingoSharp.CoreServices.Types.Model)
FNDA:0,ClingoSharp.Model ClingoSharp.Model::op_Implicit(ClingoSharp.CoreServices.Types.Model)
DA:135,0
DA:136,0
DA:137,0
FN:149,System.Boolean ClingoSharp.Model::Contains(ClingoSharp.Symbol)
FNDA:0,System.Boolean ClingoSharp.Model::Contains(ClingoSharp.Symbol)
DA:150,0
DA:151,0
DA:152,0
DA:153,0
FN:159,System.Void ClingoSharp.Model::Extend(System.Collections.Generic.List`1<ClingoSharp.Symbol>)
FNDA:0,System.Void ClingoSharp.Model::Extend(System.Collections.Generic.List`1<ClingoSharp.Symbol>)
DA:160,0
DA:161,0
DA:162,0
DA:163,0
FN:170,System.Boolean ClingoSharp.Model::IsTrue(System.Int32)
FNDA:0,System.Boolean ClingoSharp.Model::IsTrue(System.Int32)
DA:171,0
DA:172,0
DA:173,0
DA:174,0
DA:175,0
DA:177,0
DA:179,0
DA:180,0
FN:191,System.Collections.Generic.List`1<ClingoSharp.Symbol> ClingoSharp.Model::GetSymbols(System.Boolean,System.Boolean,System.Boolean,System.Boolean,System.Boolean)
FNDA:0,System.Collections.Generic.List`1<ClingoSharp.Symbol> ClingoSharp.Model::GetSymbols(System.Boolean,System.Boolean,System.Boolean,System.Boolean,System.Boolean)
DA:192,0
DA:193,0
DA:194,0
DA:195,0
DA:196,0
DA:197,0
DA:198,0
DA:200,0
DA:202,0
DA:203,0
BRDA:194,6,0,0
BRDA:194,6,1,0
BRDA:195,17,0,0
BRDA:195,17,1,0
BRDA:196,30,0,0
BRDA:196,30,1,0
BRDA:197,44,0,0
BRDA:197,44,1,0
BRDA:198,58,0,0
BRDA:198,58,1,0
FN:205,System.String ClingoSharp.Model::ToString()
FNDA:0,System.String ClingoSharp.Model::ToString()
DA:206,0
DA:207,0
DA:208,0
DA:210,0
DA:211,0
DA:212,0
DA:213,0
DA:214,0
DA:215,0
DA:216,0
DA:218,0
DA:219,0
DA:220,0
DA:222,0
DA:223,0
DA:224,0
DA:225,0
DA:226,0
DA:227,0
DA:228,0
DA:229,0
DA:231,0
DA:232,0
DA:233,0
DA:234,0
DA:236,0
DA:237,0
DA:238,0
DA:239,0
DA:241,0
DA:242,0
BRDA:211,231,1,0
BRDA:213,49,0,0
BRDA:213,49,1,0
BRDA:222,89,0,0
BRDA:226,118,0,0
BRDA:226,118,1,0
BRDA:226,139,0,0
BRDA:226,139,1,0
BRDA:222,89,1,0
BRDA:211,231,0,0
FN:115,System.Void ClingoSharp.Model::.cctor()
FNDA:0,System.Void ClingoSharp.Model::.cctor()
DA:116,0
DA:117,0
DA:118,0
FN:119,System.Void ClingoSharp.Model::.ctor(ClingoSharp.CoreServices.Types.Model)
FNDA:0,System.Void ClingoSharp.Model::.ctor(ClingoSharp.CoreServices.Types.Model)
DA:120,0
DA:121,0
DA:122,0
DA:123,0
LF:100
LH:0
BRF:24
BRH:0
FNF:15
FNH:0
end_of_record
SF:D:\Users\neker\source\repos\ClingoSharp\src\ClingoSharp\ModelType.cs
FN:26,ClingoSharp.ModelType ClingoSharp.ModelType::get_StableModel()
FNDA:0,ClingoSharp.ModelType ClingoSharp.ModelType::get_StableModel()
DA:27,0
FN:31,ClingoSharp.ModelType ClingoSharp.ModelType::get_BraveConsequences()
FNDA:0,ClingoSharp.ModelType ClingoSharp.ModelType::get_BraveConsequences()
DA:32,0
FN:36,ClingoSharp.ModelType ClingoSharp.ModelType::get_CautiousConsequences()
FNDA:0,ClingoSharp.ModelType ClingoSharp.ModelType::get_CautiousConsequences()
DA:37,0
FN:42,System.String ClingoSharp.ModelType::get_Name()
FNDA:0,System.String ClingoSharp.ModelType::get_Name()
DA:43,0
FN:56,System.Collections.Generic.IEnumerable`1<System.String> ClingoSharp.ModelType::GetNames()
FNDA:0,System.Collections.Generic.IEnumerable`1<System.String> ClingoSharp.ModelType::GetNames()
DA:57,0
DA:58,0
DA:59,0
FN:62,System.Collections.Generic.IEnumerable`1<ClingoSharp.Enums.Enumeration> ClingoSharp.ModelType::GetValues()
FNDA:0,System.Collections.Generic.IEnumerable`1<ClingoSharp.Enums.Enumeration> ClingoSharp.ModelType::GetValues()
DA:63,0
DA:64,0
DA:65,0
FN:72,System.Int32 ClingoSharp.ModelType::CompareTo(ClingoSharp.Enums.Enumeration)
FNDA:0,System.Int32 ClingoSharp.ModelType::CompareTo(ClingoSharp.Enums.Enumeration)
DA:73,0
DA:74,0
DA:75,0
DA:76,0
DA:79,0
DA:80,0
BRDA:74,2,0,0
BRDA:74,2,1,0
BRDA:74,21,0,0
BRDA:74,21,1,0
FN:83,System.Boolean ClingoSharp.ModelType::Equals(ClingoSharp.Enums.Enumeration)
FNDA:0,System.Boolean ClingoSharp.ModelType::Equals(ClingoSharp.Enums.Enumeration)
DA:84,0
DA:85,0
DA:86,0
DA:87,0
DA:90,0
DA:91,0
BRDA:85,2,0,0
BRDA:85,2,1,0
BRDA:85,21,0,0
BRDA:85,21,1,0
FN:94,System.String ClingoSharp.ModelType::ToString()
FNDA:0,System.String ClingoSharp.ModelType::ToString()
DA:95,0
DA:96,0
DA:97,0
FN:48,System.Void ClingoSharp.ModelType::.ctor(System.Int32)
FNDA:0,System.Void ClingoSharp.ModelType::.ctor(System.Int32)
DA:49,0
FN:12,System.Void ClingoSharp.ModelType::.cctor()
FNDA:0,System.Void ClingoSharp.ModelType::.cctor()
DA:13,0
DA:14,0
DA:15,0
DA:16,0
DA:17,0
DA:18,0
LF:32
LH:0
BRF:8
BRH:0
FNF:11
FNH:0
end_of_record
SF:D:\Users\neker\source\repos\ClingoSharp\src\ClingoSharp\SolveControl.cs
FN:15,System.Void ClingoSharp.SolveControl::.ctor(ClingoSharp.CoreServices.Types.SolveControl)
FNDA:0,System.Void ClingoSharp.SolveControl::.ctor(ClingoSharp.CoreServices.Types.SolveControl)
DA:16,0
DA:17,0
DA:18,0
DA:19,0
LF:4
LH:0
BRF:0
BRH:0
FNF:1
FNH:0
end_of_record
SF:D:\Users\neker\source\repos\ClingoSharp\src\ClingoSharp\SolveHandle.cs
FN:40,ClingoSharp.CoreServices.Types.SolveHandle ClingoSharp.SolveHandle::op_Implicit(ClingoSharp.SolveHandle)
FNDA:0,ClingoSharp.CoreServices.Types.SolveHandle ClingoSharp.SolveHandle::op_Implicit(ClingoSharp.SolveHandle)
DA:41,0
DA:42,0
DA:43,0
FN:45,ClingoSharp.SolveHandle ClingoSharp.SolveHandle::op_Implicit(ClingoSharp.CoreServices.Types.SolveHandle)
FNDA:0,ClingoSharp.SolveHandle ClingoSharp.SolveHandle::op_Implicit(ClingoSharp.CoreServices.Types.SolveHandle)
DA:46,0
DA:47,0
DA:48,0
FN:54,System.Void ClingoSharp.SolveHandle::Cancel()
FNDA:0,System.Void ClingoSharp.SolveHandle::Cancel()
DA:55,0
DA:56,0
DA:57,0
FN:59,ClingoSharp.SolveResult ClingoSharp.SolveHandle::Get()
FNDA:0,ClingoSharp.SolveResult ClingoSharp.SolveHandle::Get()
DA:60,0
DA:61,0
DA:63,0
DA:64,0
DA:65,0
DA:66,0
DA:67,0
DA:68,0
DA:69,0
DA:70,0
DA:71,0
DA:73,0
DA:74,0
DA:75,0
DA:76,0
DA:77,0
DA:78,0
DA:79,0
DA:80,0
DA:81,0
BRDA:64,52,0,0
BRDA:64,52,1,0
BRDA:68,85,0,0
BRDA:68,85,1,0
BRDA:73,118,0,0
BRDA:73,118,1,0
BRDA:73,142,0,0
BRDA:73,142,1,0
FN:83,System.Void ClingoSharp.SolveHandle::Resume()
FNDA:0,System.Void ClingoSharp.SolveHandle::Resume()
DA:84,0
DA:85,0
DA:86,0
FN:88,System.Boolean ClingoSharp.SolveHandle::Wait(System.Nullable`1<System.Single>)
FNDA:0,System.Boolean ClingoSharp.SolveHandle::Wait(System.Nullable`1<System.Single>)
DA:89,0
DA:90,0
DA:92,0
DA:93,0
BRDA:90,19,0,0
BRDA:90,19,1,0
BRDA:90,42,0,0
BRDA:90,42,1,0
FN:111,System.Collections.IEnumerator ClingoSharp.SolveHandle::System.Collections.IEnumerable.GetEnumerator()
FNDA:0,System.Collections.IEnumerator ClingoSharp.SolveHandle::System.Collections.IEnumerable.GetEnumerator()
DA:112,0
DA:113,0
DA:114,0
FN:26,System.Void ClingoSharp.SolveHandle::.cctor()
FNDA:0,System.Void ClingoSharp.SolveHandle::.cctor()
DA:27,0
DA:28,0
DA:29,0
FN:30,System.Void ClingoSharp.SolveHandle::.ctor(ClingoSharp.CoreServices.Types.SolveHandle)
FNDA:0,System.Void ClingoSharp.SolveHandle::.ctor(ClingoSharp.CoreServices.Types.SolveHandle)
DA:31,0
DA:32,0
DA:33,0
DA:34,0
FN:95,System.Boolean ClingoSharp.SolveHandle/<GetEnumerator>d__10::MoveNext()
FNDA:0,System.Boolean ClingoSharp.SolveHandle/<GetEnumerator>d__10::MoveNext()
DA:96,0
DA:99,0
DA:100,0
DA:101,0
DA:103,0
DA:104,0
DA:105,0
DA:106,0
DA:107,0
DA:108,0
DA:109,0
BRDA:96,14,0,0
BRDA:108,177,1,0
BRDA:103,116,0,0
BRDA:96,14,1,0
BRDA:103,116,1,0
BRDA:108,177,0,0
LF:57
LH:0
BRF:18
BRH:0
FNF:10
FNH:0
end_of_record
SF:D:\Users\neker\source\repos\ClingoSharp\src\ClingoSharp\SolveResult.cs
FN:12,System.Boolean ClingoSharp.SolveResult::get_IsExhausted()
FNDA:0,System.Boolean ClingoSharp.SolveResult::get_IsExhausted()
DA:13,0
FN:17,System.Boolean ClingoSharp.SolveResult::get_IsInterrupted()
FNDA:0,System.Boolean ClingoSharp.SolveResult::get_IsInterrupted()
DA:18,0
FN:22,System.Nullable`1<System.Boolean> ClingoSharp.SolveResult::get_IsSatisfiable()
FNDA:0,System.Nullable`1<System.Boolean> ClingoSharp.SolveResult::get_IsSatisfiable()
DA:23,0
FN:28,System.Boolean ClingoSharp.SolveResult::get_IsUnknown()
FNDA:0,System.Boolean ClingoSharp.SolveResult::get_IsUnknown()
DA:29,0
FN:33,System.Nullable`1<System.Boolean> ClingoSharp.SolveResult::get_IsUnSatisfiable()
FNDA:0,System.Nullable`1<System.Boolean> ClingoSharp.SolveResult::get_IsUnSatisfiable()
DA:34,0
FN:39,System.Void ClingoSharp.SolveResult::.ctor()
FNDA:0,System.Void ClingoSharp.SolveResult::.ctor()
DA:40,0
LF:6
LH:0
BRF:0
BRH:0
FNF:6
FNH:0
end_of_record
SF:D:\Users\neker\source\repos\ClingoSharp\src\ClingoSharp\Symbol.cs
FN:32,ClingoSharp.Symbol ClingoSharp.Symbol::get_Infimum()
FNDA:0,ClingoSharp.Symbol ClingoSharp.Symbol::get_Infimum()
DA:33,0
DA:34,0
DA:35,0
DA:36,0
FN:44,ClingoSharp.Symbol ClingoSharp.Symbol::get_Supremum()
FNDA:0,ClingoSharp.Symbol ClingoSharp.Symbol::get_Supremum()
DA:45,0
DA:46,0
DA:47,0
DA:48,0
FN:60,System.Collections.Generic.List`1<ClingoSharp.Symbol> ClingoSharp.Symbol::get_Arguments()
FNDA:0,System.Collections.Generic.List`1<ClingoSharp.Symbol> ClingoSharp.Symbol::get_Arguments()
DA:61,0
DA:62,0
DA:63,0
DA:64,0
FN:72,System.String ClingoSharp.Symbol::get_Name()
FNDA:0,System.String ClingoSharp.Symbol::get_Name()
DA:73,0
DA:74,0
DA:75,0
DA:76,0
FN:84,System.Boolean ClingoSharp.Symbol::get_IsNegative()
FNDA:0,System.Boolean ClingoSharp.Symbol::get_IsNegative()
DA:85,0
DA:86,0
DA:87,0
DA:88,0
FN:96,System.Int32 ClingoSharp.Symbol::get_Number()
FNDA:0,System.Int32 ClingoSharp.Symbol::get_Number()
DA:97,0
DA:98,0
DA:99,0
DA:100,0
FN:108,System.Boolean ClingoSharp.Symbol::get_IsPositive()
FNDA:0,System.Boolean ClingoSharp.Symbol::get_IsPositive()
DA:109,0
DA:110,0
DA:111,0
DA:112,0
FN:120,System.String ClingoSharp.Symbol::get_String()
FNDA:0,System.String ClingoSharp.Symbol::get_String()
DA:121,0
DA:122,0
DA:123,0
DA:124,0
FN:132,ClingoSharp.SymbolType ClingoSharp.Symbol::get_Type()
FNDA:0,ClingoSharp.SymbolType ClingoSharp.Symbol::get_Type()
DA:133,0
DA:134,0
DA:136,0
DA:137,0
DA:138,0
DA:139,0
DA:140,0
DA:141,0
DA:142,0
DA:143,0
DA:144,0
DA:145,0
BRDA:136,19,1,0
BRDA:136,19,2,0
BRDA:136,19,5,0
BRDA:136,19,6,0
BRDA:136,19,8,0
BRDA:136,19,0,0
BRDA:136,19,3,0
BRDA:136,19,4,0
BRDA:136,19,7,0
FN:215,ClingoSharp.CoreServices.Interfaces.IClingoModule ClingoSharp.Symbol::GetModule()
FNDA:0,ClingoSharp.CoreServices.Interfaces.IClingoModule ClingoSharp.Symbol::GetModule()
DA:216,0
DA:217,0
DA:218,0
FN:224,ClingoSharp.CoreServices.Interfaces.Modules.ISymbolModule ClingoSharp.Symbol::GetSymbolModule()
FNDA:0,ClingoSharp.CoreServices.Interfaces.Modules.ISymbolModule ClingoSharp.Symbol::GetSymbolModule()
DA:225,0
DA:226,0
DA:227,0
FN:229,ClingoSharp.CoreServices.Types.Symbol ClingoSharp.Symbol::op_Implicit(ClingoSharp.Symbol)
FNDA:0,ClingoSharp.CoreServices.Types.Symbol ClingoSharp.Symbol::op_Implicit(ClingoSharp.Symbol)
DA:230,0
DA:231,0
DA:232,0
FN:234,ClingoSharp.Symbol ClingoSharp.Symbol::op_Implicit(ClingoSharp.CoreServices.Types.Symbol)
FNDA:0,ClingoSharp.Symbol ClingoSharp.Symbol::op_Implicit(ClingoSharp.CoreServices.Types.Symbol)
DA:235,0
DA:236,0
DA:237,0
FN:243,ClingoSharp.Symbol ClingoSharp.Symbol::op_Implicit(System.Int32)
FNDA:0,ClingoSharp.Symbol ClingoSharp.Symbol::op_Implicit(System.Int32)
DA:244,0
DA:245,0
DA:246,0
DA:247,0
FN:253,ClingoSharp.Symbol ClingoSharp.Symbol::op_Implicit(System.String)
FNDA:0,ClingoSharp.Symbol ClingoSharp.Symbol::op_Implicit(System.String)
DA:254,0
DA:255,0
DA:256,0
DA:257,0
FN:259,System.Boolean ClingoSharp.Symbol::op_LessThan(ClingoSharp.Symbol,ClingoSharp.Symbol)
FNDA:0,System.Boolean ClingoSharp.Symbol::op_LessThan(ClingoSharp.Symbol,ClingoSharp.Symbol)
DA:260,0
DA:261,0
DA:262,0
FN:264,System.Boolean ClingoSharp.Symbol::op_LessThanOrEqual(ClingoSharp.Symbol,ClingoSharp.Symbol)
FNDA:0,System.Boolean ClingoSharp.Symbol::op_LessThanOrEqual(ClingoSharp.Symbol,ClingoSharp.Symbol)
DA:265,0
DA:266,0
DA:267,0
FN:269,System.Boolean ClingoSharp.Symbol::op_GreaterThan(ClingoSharp.Symbol,ClingoSharp.Symbol)
FNDA:0,System.Boolean ClingoSharp.Symbol::op_GreaterThan(ClingoSharp.Symbol,ClingoSharp.Symbol)
DA:270,0
DA:271,0
DA:272,0
FN:274,System.Boolean ClingoSharp.Symbol::op_GreaterThanOrEqual(ClingoSharp.Symbol,ClingoSharp.Symbol)
FNDA:0,System.Boolean ClingoSharp.Symbol::op_GreaterThanOrEqual(ClingoSharp.Symbol,ClingoSharp.Symbol)
DA:275,0
DA:276,0
DA:277,0
FN:279,System.Boolean ClingoSharp.Symbol::op_Equality(ClingoSharp.Symbol,ClingoSharp.Symbol)
FNDA:0,System.Boolean ClingoSharp.Symbol::op_Equality(ClingoSharp.Symbol,ClingoSharp.Symbol)
DA:280,0
DA:281,0
DA:282,0
FN:284,System.Boolean ClingoSharp.Symbol::op_Inequality(ClingoSharp.Symbol,ClingoSharp.Symbol)
FNDA:0,System.Boolean ClingoSharp.Symbol::op_Inequality(ClingoSharp.Symbol,ClingoSharp.Symbol)
DA:285,0
DA:286,0
DA:287,0
FN:299,System.Boolean ClingoSharp.Symbol::Match(System.String,System.Int32)
FNDA:0,System.Boolean ClingoSharp.Symbol::Match(System.String,System.Int32)
DA:300,0
DA:301,0
DA:302,0
DA:303,0
DA:304,0
DA:305,0
BRDA:301,19,0,0
BRDA:301,19,1,0
BRDA:302,43,0,0
BRDA:302,43,1,0
BRDA:303,56,0,0
BRDA:303,56,1,0
BRDA:303,59,0,0
BRDA:303,59,1,0
BRDA:303,80,0,0
BRDA:303,80,1,0
FN:308,System.Int32 ClingoSharp.Symbol::CompareTo(ClingoSharp.Symbol)
FNDA:0,System.Int32 ClingoSharp.Symbol::CompareTo(ClingoSharp.Symbol)
DA:309,0
DA:310,0
DA:311,0
DA:312,0
DA:315,0
DA:316,0
DA:317,0
DA:320,0
DA:321,0
DA:322,0
DA:325,0
DA:326,0
BRDA:310,25,0,0
BRDA:310,25,1,0
BRDA:315,56,0,0
BRDA:315,56,1,0
BRDA:320,87,0,0
BRDA:320,87,1,0
FN:329,System.Boolean ClingoSharp.Symbol::Equals(ClingoSharp.Symbol)
FNDA:0,System.Boolean ClingoSharp.Symbol::Equals(ClingoSharp.Symbol)
DA:330,0
DA:331,0
DA:332,0
FN:335,System.Boolean ClingoSharp.Symbol::Equals(System.Object)
FNDA:0,System.Boolean ClingoSharp.Symbol::Equals(System.Object)
DA:336,0
DA:337,0
DA:338,0
DA:339,0
DA:342,0
DA:343,0
BRDA:337,2,0,0
BRDA:337,2,1,0
BRDA:337,21,0,0
BRDA:337,21,1,0
FN:346,System.Int32 ClingoSharp.Symbol::GetHashCode()
FNDA:0,System.Int32 ClingoSharp.Symbol::GetHashCode()
DA:347,0
DA:348,0
DA:349,0
FN:352,System.String ClingoSharp.Symbol::ToString()
FNDA:0,System.String ClingoSharp.Symbol::ToString()
DA:353,0
DA:354,0
DA:355,0
DA:356,0
FN:152,System.Void ClingoSharp.Symbol::.cctor()
FNDA:0,System.Void ClingoSharp.Symbol::.cctor()
DA:153,0
DA:154,0
DA:155,0
FN:156,System.Void ClingoSharp.Symbol::.ctor(ClingoSharp.CoreServices.Types.Symbol)
FNDA:0,System.Void ClingoSharp.Symbol::.ctor(ClingoSharp.CoreServices.Types.Symbol)
DA:157,0
DA:158,0
DA:159,0
DA:160,0
FN:165,System.Void ClingoSharp.Symbol::.ctor(System.Int32)
FNDA:0,System.Void ClingoSharp.Symbol::.ctor(System.Int32)
DA:166,0
DA:167,0
DA:168,0
DA:169,0
DA:170,0
FN:175,System.Void ClingoSharp.Symbol::.ctor(System.String)
FNDA:0,System.Void ClingoSharp.Symbol::.ctor(System.String)
DA:176,0
DA:177,0
DA:178,0
DA:179,0
DA:180,0
FN:185,System.Void ClingoSharp.Symbol::.ctor(System.Collections.Generic.List`1<ClingoSharp.Symbol>)
FNDA:0,System.Void ClingoSharp.Symbol::.ctor(System.Collections.Generic.List`1<ClingoSharp.Symbol>)
DA:186,0
DA:187,0
DA:188,0
DA:189,0
DA:190,0
DA:191,0
FN:199,System.Void ClingoSharp.Symbol::.ctor(System.String,System.Collections.Generic.List`1<ClingoSharp.Symbol>,System.Boolean)
FNDA:0,System.Void ClingoSharp.Symbol::.ctor(System.String,System.Collections.Generic.List`1<ClingoSharp.Symbol>,System.Boolean)
DA:200,0
DA:201,0
DA:202,0
DA:203,0
DA:204,0
DA:205,0
LF:145
LH:0
BRF:29
BRH:0
FNF:33
FNH:0
end_of_record
SF:D:\Users\neker\source\repos\ClingoSharp\src\ClingoSharp\SymbolicAtom.cs
FN:21,System.Boolean ClingoSharp.SymbolicAtom::get_IsExternal()
FNDA:0,System.Boolean ClingoSharp.SymbolicAtom::get_IsExternal()
DA:22,0
DA:23,0
DA:24,0
DA:25,0
FN:30,System.Boolean ClingoSharp.SymbolicAtom::get_IsFact()
FNDA:0,System.Boolean ClingoSharp.SymbolicAtom::get_IsFact()
DA:31,0
DA:32,0
DA:33,0
DA:34,0
FN:39,System.Int32 ClingoSharp.SymbolicAtom::get_Literal()
FNDA:0,System.Int32 ClingoSharp.SymbolicAtom::get_Literal()
DA:40,0
DA:41,0
DA:42,0
DA:43,0
FN:48,ClingoSharp.Symbol ClingoSharp.SymbolicAtom::get_Symbol()
FNDA:0,ClingoSharp.Symbol ClingoSharp.SymbolicAtom::get_Symbol()
DA:49,0
DA:50,0
DA:51,0
DA:52,0
FN:59,ClingoSharp.CoreServices.Types.SymbolicAtoms ClingoSharp.SymbolicAtom::op_Implicit(ClingoSharp.SymbolicAtom)
FNDA:0,ClingoSharp.CoreServices.Types.SymbolicAtoms ClingoSharp.SymbolicAtom::op_Implicit(ClingoSharp.SymbolicAtom)
DA:60,0
DA:61,0
DA:62,0
FN:64,ClingoSharp.CoreServices.Types.SymbolicAtomIterator ClingoSharp.SymbolicAtom::op_Implicit(ClingoSharp.SymbolicAtom)
FNDA:0,ClingoSharp.CoreServices.Types.SymbolicAtomIterator ClingoSharp.SymbolicAtom::op_Implicit(ClingoSharp.SymbolicAtom)
DA:65,0
DA:66,0
DA:67,0
FN:69,ClingoSharp.Symbol ClingoSharp.SymbolicAtom::op_Implicit(ClingoSharp.SymbolicAtom)
FNDA:0,ClingoSharp.Symbol ClingoSharp.SymbolicAtom::op_Implicit(ClingoSharp.SymbolicAtom)
DA:70,0
DA:71,0
DA:72,0
FN:74,System.Int32 ClingoSharp.SymbolicAtom::op_Implicit(ClingoSharp.SymbolicAtom)
FNDA:0,System.Int32 ClingoSharp.SymbolicAtom::op_Implicit(ClingoSharp.SymbolicAtom)
DA:75,0
DA:76,0
DA:77,0
FN:93,System.Boolean ClingoSharp.SymbolicAtom::Match(System.String,System.Int32)
FNDA:0,System.Boolean ClingoSharp.SymbolicAtom::Match(System.String,System.Int32)
DA:94,0
DA:95,0
DA:96,0
FN:82,System.Void ClingoSharp.SymbolicAtom::.ctor(ClingoSharp.CoreServices.Types.SymbolicAtoms,ClingoSharp.CoreServices.Types.SymbolicAtomIterator)
FNDA:0,System.Void ClingoSharp.SymbolicAtom::.ctor(ClingoSharp.CoreServices.Types.SymbolicAtoms,ClingoSharp.CoreServices.Types.SymbolicAtomIterator)
DA:83,0
DA:84,0
DA:85,0
DA:86,0
DA:87,0
LF:36
LH:0
BRF:0
BRH:0
FNF:10
FNH:0
end_of_record
SF:D:\Users\neker\source\repos\ClingoSharp\src\ClingoSharp\SymbolicAtomIterator.cs
FN:29,ClingoSharp.CoreServices.Types.SymbolicAtoms ClingoSharp.SymbolicAtomIterator::op_Implicit(ClingoSharp.SymbolicAtomIterator)
FNDA:0,ClingoSharp.CoreServices.Types.SymbolicAtoms ClingoSharp.SymbolicAtomIterator::op_Implicit(ClingoSharp.SymbolicAtomIterator)
DA:30,0
DA:31,0
DA:32,0
FN:34,ClingoSharp.CoreServices.Types.SymbolicAtomIterator ClingoSharp.SymbolicAtomIterator::op_Implicit(ClingoSharp.SymbolicAtomIterator)
FNDA:0,ClingoSharp.CoreServices.Types.SymbolicAtomIterator ClingoSharp.SymbolicAtomIterator::op_Implicit(ClingoSharp.SymbolicAtomIterator)
DA:35,0
DA:36,0
DA:37,0
FN:55,System.Collections.IEnumerator ClingoSharp.SymbolicAtomIterator::System.Collections.IEnumerable.GetEnumerator()
FNDA:0,System.Collections.IEnumerator ClingoSharp.SymbolicAtomIterator::System.Collections.IEnumerable.GetEnumerator()
DA:56,0
DA:57,0
DA:58,0
FN:18,System.Void ClingoSharp.SymbolicAtomIterator::.ctor(ClingoSharp.CoreServices.Types.SymbolicAtoms,ClingoSharp.CoreServices.Types.SymbolicAtomIterator)
FNDA:0,System.Void ClingoSharp.SymbolicAtomIterator::.ctor(ClingoSharp.CoreServices.Types.SymbolicAtoms,ClingoSharp.CoreServices.Types.SymbolicAtomIterator)
DA:19,0
DA:20,0
DA:21,0
DA:22,0
DA:23,0
FN:43,System.Boolean ClingoSharp.SymbolicAtomIterator/<GetEnumerator>d__5::MoveNext()
FNDA:0,System.Boolean ClingoSharp.SymbolicAtomIterator/<GetEnumerator>d__5::MoveNext()
DA:44,0
DA:45,0
DA:47,0
DA:48,0
DA:49,0
DA:50,0
DA:51,0
DA:52,0
DA:53,0
BRDA:44,14,0,0
BRDA:47,233,1,0
BRDA:44,14,1,0
BRDA:47,233,0,0
LF:23
LH:0
BRF:4
BRH:0
FNF:5
FNH:0
end_of_record
SF:D:\Users\neker\source\repos\ClingoSharp\src\ClingoSharp\SymbolicAtoms.cs
FN:32,System.Collections.Generic.List`1<System.Tuple`3<System.String,System.Int32,System.Boolean>> ClingoSharp.SymbolicAtoms::get_Signatures()
FNDA:0,System.Collections.Generic.List`1<System.Tuple`3<System.String,System.Int32,System.Boolean>> ClingoSharp.SymbolicAtoms::get_Signatures()
DA:33,0
DA:34,0
DA:35,0
DA:36,0
DA:37,0
DA:38,0
DA:39,0
DA:40,0
FN:45,ClingoSharp.SymbolicAtom ClingoSharp.SymbolicAtoms::get_Item(ClingoSharp.Symbol)
FNDA:0,ClingoSharp.SymbolicAtom ClingoSharp.SymbolicAtoms::get_Item(ClingoSharp.Symbol)
DA:46,0
DA:47,0
DA:48,0
DA:49,0
DA:52,0
DA:53,0
BRDA:47,15,0,0
BRDA:47,15,1,0
FN:59,System.Int32 ClingoSharp.SymbolicAtoms::get_Count()
FNDA:0,System.Int32 ClingoSharp.SymbolicAtoms::get_Count()
DA:60,0
DA:61,0
DA:62,0
DA:63,0
FN:84,System.Collections.Generic.IEnumerable`1<ClingoSharp.SymbolicAtom> ClingoSharp.SymbolicAtoms::get_Values()
FNDA:0,System.Collections.Generic.IEnumerable`1<ClingoSharp.SymbolicAtom> ClingoSharp.SymbolicAtoms::get_Values()
DA:85,0
DA:86,0
DA:87,0
DA:88,0
FN:113,ClingoSharp.CoreServices.Interfaces.IClingoModule ClingoSharp.SymbolicAtoms::GetModule()
FNDA:0,ClingoSharp.CoreServices.Interfaces.IClingoModule ClingoSharp.SymbolicAtoms::GetModule()
DA:114,0
DA:115,0
DA:116,0
FN:122,ClingoSharp.CoreServices.Interfaces.Modules.ISymbolicAtomsModule ClingoSharp.SymbolicAtoms::GetSymbolicAtomsModule()
FNDA:0,ClingoSharp.CoreServices.Interfaces.Modules.ISymbolicAtomsModule ClingoSharp.SymbolicAtoms::GetSymbolicAtomsModule()
DA:123,0
DA:124,0
DA:125,0
FN:127,ClingoSharp.CoreServices.Types.SymbolicAtoms ClingoSharp.SymbolicAtoms::op_Implicit(ClingoSharp.SymbolicAtoms)
FNDA:0,ClingoSharp.CoreServices.Types.SymbolicAtoms ClingoSharp.SymbolicAtoms::op_Implicit(ClingoSharp.SymbolicAtoms)
DA:128,0
DA:129,0
DA:130,0
FN:132,ClingoSharp.SymbolicAtoms ClingoSharp.SymbolicAtoms::op_Implicit(ClingoSharp.CoreServices.Types.SymbolicAtoms)
FNDA:0,ClingoSharp.SymbolicAtoms ClingoSharp.SymbolicAtoms::op_Implicit(ClingoSharp.CoreServices.Types.SymbolicAtoms)
DA:133,0
DA:134,0
DA:135,0
FN:162,System.Boolean ClingoSharp.SymbolicAtoms::ContainsKey(ClingoSharp.Symbol)
FNDA:0,System.Boolean ClingoSharp.SymbolicAtoms::ContainsKey(ClingoSharp.Symbol)
DA:163,0
DA:164,0
DA:165,0
FN:168,System.Collections.Generic.IEnumerator`1<ClingoSharp.SymbolicAtom> ClingoSharp.SymbolicAtoms::GetEnumerator()
FNDA:0,System.Collections.Generic.IEnumerator`1<ClingoSharp.SymbolicAtom> ClingoSharp.SymbolicAtoms::GetEnumerator()
DA:169,0
DA:170,0
DA:171,0
DA:172,0
FN:175,System.Boolean ClingoSharp.SymbolicAtoms::TryGetValue(ClingoSharp.Symbol,ClingoSharp.SymbolicAtom&)
FNDA:0,System.Boolean ClingoSharp.SymbolicAtoms::TryGetValue(ClingoSharp.Symbol,ClingoSharp.SymbolicAtom&)
DA:176,0
DA:177,0
DA:178,0
DA:179,0
DA:182,0
DA:183,0
DA:185,0
DA:186,0
DA:187,0
BRDA:177,10,0,0
BRDA:177,10,1,0
BRDA:185,76,0,0
BRDA:185,76,1,0
FN:190,System.Collections.IEnumerator ClingoSharp.SymbolicAtoms::System.Collections.IEnumerable.GetEnumerator()
FNDA:0,System.Collections.IEnumerator ClingoSharp.SymbolicAtoms::System.Collections.IEnumerable.GetEnumerator()
DA:191,0
DA:192,0
DA:193,0
FN:95,System.Void ClingoSharp.SymbolicAtoms::.cctor()
FNDA:0,System.Void ClingoSharp.SymbolicAtoms::.cctor()
DA:96,0
DA:97,0
DA:98,0
FN:99,System.Void ClingoSharp.SymbolicAtoms::.ctor(ClingoSharp.CoreServices.Types.SymbolicAtoms)
FNDA:0,System.Void ClingoSharp.SymbolicAtoms::.ctor(ClingoSharp.CoreServices.Types.SymbolicAtoms)
DA:100,0
DA:101,0
DA:102,0
DA:103,0
FN:69,System.Boolean ClingoSharp.SymbolicAtoms/<get_Keys>d__9::MoveNext()
FNDA:0,System.Boolean ClingoSharp.SymbolicAtoms/<get_Keys>d__9::MoveNext()
DA:70,0
DA:71,0
DA:72,0
DA:74,0
DA:75,0
DA:76,0
DA:77,0
DA:78,0
BRDA:70,14,0,0
BRDA:74,203,1,0
BRDA:70,14,1,0
BRDA:74,203,0,0
FN:149,System.Boolean ClingoSharp.SymbolicAtoms/<BySignature>d__18::MoveNext()
FNDA:0,System.Boolean ClingoSharp.SymbolicAtoms/<BySignature>d__18::MoveNext()
DA:150,0
DA:151,0
DA:152,0
DA:154,0
DA:155,0
DA:156,0
DA:157,0
DA:158,0
DA:159,0
BRDA:150,14,0,0
BRDA:155,253,1,0
BRDA:150,14,1,0
BRDA:155,253,0,0
FN:196,System.Boolean ClingoSharp.SymbolicAtoms/<System-Collections-Generic-IEnumerable<System-Collections-Generic-KeyValuePair<ClingoSharp-Symbol,ClingoSharp-SymbolicAtom>>-GetEnumerator>d__23::MoveNext()
FNDA:0,System.Boolean ClingoSharp.SymbolicAtoms/<System-Collections-Generic-IEnumerable<System-Collections-Generic-KeyValuePair<ClingoSharp-Symbol,ClingoSharp-SymbolicAtom>>-GetEnumerator>d__23::MoveNext()
DA:197,0
DA:198,0
DA:199,0
DA:201,0
DA:202,0
DA:203,0
DA:204,0
DA:205,0
BRDA:197,14,0,0
BRDA:201,214,1,0
BRDA:197,14,1,0
BRDA:201,214,0,0
LF:85
LH:0
BRF:18
BRH:0
FNF:17
FNH:0
end_of_record
SF:D:\Users\neker\source\repos\ClingoSharp\src\ClingoSharp\SymbolType.cs
FN:12,System.String[] ClingoSharp.SymbolType::get_SymbolNames()
FNDA:0,System.String[] ClingoSharp.SymbolType::get_SymbolNames()
DA:13,0
DA:14,0
DA:15,0
DA:16,0
DA:17,0
DA:18,0
DA:19,0
DA:20,0
FN:25,ClingoSharp.SymbolType ClingoSharp.SymbolType::get_Infimum()
FNDA:0,ClingoSharp.SymbolType ClingoSharp.SymbolType::get_Infimum()
DA:26,0
FN:26,ClingoSharp.SymbolType ClingoSharp.SymbolType::get_Number()
FNDA:0,ClingoSharp.SymbolType ClingoSharp.SymbolType::get_Number()
DA:27,0
FN:27,ClingoSharp.SymbolType ClingoSharp.SymbolType::get_String()
FNDA:0,ClingoSharp.SymbolType ClingoSharp.SymbolType::get_String()
DA:28,0
FN:28,ClingoSharp.SymbolType ClingoSharp.SymbolType::get_Function()
FNDA:0,ClingoSharp.SymbolType ClingoSharp.SymbolType::get_Function()
DA:29,0
FN:29,ClingoSharp.SymbolType ClingoSharp.SymbolType::get_Supremum()
FNDA:0,ClingoSharp.SymbolType ClingoSharp.SymbolType::get_Supremum()
DA:30,0
FN:35,System.String ClingoSharp.SymbolType::get_Name()
FNDA:0,System.String ClingoSharp.SymbolType::get_Name()
DA:36,0
FN:49,System.Collections.Generic.IEnumerable`1<System.String> ClingoSharp.SymbolType::GetNames()
FNDA:0,System.Collections.Generic.IEnumerable`1<System.String> ClingoSharp.SymbolType::GetNames()
DA:50,0
DA:51,0
DA:52,0
FN:55,System.Collections.Generic.IEnumerable`1<ClingoSharp.Enums.Enumeration> ClingoSharp.SymbolType::GetValues()
FNDA:0,System.Collections.Generic.IEnumerable`1<ClingoSharp.Enums.Enumeration> ClingoSharp.SymbolType::GetValues()
DA:56,0
DA:57,0
DA:58,0
FN:65,System.Int32 ClingoSharp.SymbolType::CompareTo(ClingoSharp.Enums.Enumeration)
FNDA:0,System.Int32 ClingoSharp.SymbolType::CompareTo(ClingoSharp.Enums.Enumeration)
DA:66,0
DA:67,0
DA:68,0
DA:69,0
DA:72,0
DA:73,0
BRDA:67,2,0,0
BRDA:67,2,1,0
BRDA:67,21,0,0
BRDA:67,21,1,0
FN:76,System.Boolean ClingoSharp.SymbolType::Equals(ClingoSharp.Enums.Enumeration)
FNDA:0,System.Boolean ClingoSharp.SymbolType::Equals(ClingoSharp.Enums.Enumeration)
DA:77,0
DA:78,0
DA:79,0
DA:80,0
DA:83,0
DA:84,0
BRDA:78,2,0,0
BRDA:78,2,1,0
BRDA:78,21,0,0
BRDA:78,21,1,0
FN:87,System.String ClingoSharp.SymbolType::ToString()
FNDA:0,System.String ClingoSharp.SymbolType::ToString()
DA:88,0
DA:89,0
DA:90,0
FN:41,System.Void ClingoSharp.SymbolType::.ctor(System.Int32)
FNDA:0,System.Void ClingoSharp.SymbolType::.ctor(System.Int32)
DA:42,0
LF:36
LH:0
BRF:8
BRH:0
FNF:13
FNH:0
end_of_record
SF:D:\Users\neker\source\repos\ClingoSharp\src\ClingoSharp\Union.cs
FN:54,System.Void ClingoSharp.Union`2::Set(T1)
FNDA:0,System.Void ClingoSharp.Union`2::Set(T1)
DA:55,0
DA:56,0
DA:57,0
DA:58,0
DA:59,0
FN:65,System.Void ClingoSharp.Union`2::Set(T2)
FNDA:0,System.Void ClingoSharp.Union`2::Set(T2)
DA:66,0
DA:67,0
DA:68,0
DA:69,0
DA:70,0
FN:77,System.Boolean ClingoSharp.Union`2::IsType(System.Type)
FNDA:0,System.Boolean ClingoSharp.Union`2::IsType(System.Type)
DA:78,0
DA:79,0
DA:80,0
DA:81,0
DA:83,0
DA:84,0
DA:85,0
DA:88,0
DA:89,0
BRDA:79,19,0,0
BRDA:79,19,1,0
BRDA:83,52,0,0
BRDA:83,52,1,0
FN:96,System.Boolean ClingoSharp.Union`2::IsType()
FNDA:0,System.Boolean ClingoSharp.Union`2::IsType()
DA:97,0
DA:98,0
DA:99,0
FN:107,System.Boolean ClingoSharp.Union`2::TryGet(System.Type,System.Object&)
FNDA:0,System.Boolean ClingoSharp.Union`2::TryGet(System.Type,System.Object&)
DA:108,0
DA:109,0
DA:110,0
DA:111,0
DA:112,0
DA:113,0
DA:114,0
DA:116,0
DA:118,0
DA:119,0
DA:120,0
DA:121,0
DA:122,0
DA:123,0
DA:125,0
DA:127,0
DA:128,0
DA:129,0
BRDA:109,19,0,0
BRDA:111,33,0,0
BRDA:111,33,1,0
BRDA:109,19,1,0
BRDA:118,72,0,0
BRDA:120,88,0,0
BRDA:120,88,1,0
BRDA:118,72,1,0
FN:137,System.Boolean ClingoSharp.Union`2::TryGet(T&)
FNDA:0,System.Boolean ClingoSharp.Union`2::TryGet(T&)
DA:138,0
DA:139,0
DA:140,0
DA:141,0
DA:142,0
FN:150,System.Object ClingoSharp.Union`2::Get(System.Type)
FNDA:0,System.Object ClingoSharp.Union`2::Get(System.Type)
DA:151,0
DA:152,0
DA:153,0
DA:154,0
DA:157,0
DA:158,0
DA:160,0
BRDA:152,12,0,0
BRDA:152,12,1,0
FN:168,T ClingoSharp.Union`2::Get()
FNDA:0,T ClingoSharp.Union`2::Get()
DA:169,0
DA:170,0
DA:171,0
FN:181,ClingoSharp.Union`2<T1,T2> ClingoSharp.Union`2::op_Implicit(T1)
FNDA:0,ClingoSharp.Union`2<T1,T2> ClingoSharp.Union`2::op_Implicit(T1)
DA:182,0
DA:183,0
DA:184,0
FN:190,ClingoSharp.Union`2<T1,T2> ClingoSharp.Union`2::op_Implicit(T2)
FNDA:0,ClingoSharp.Union`2<T1,T2> ClingoSharp.Union`2::op_Implicit(T2)
DA:191,0
DA:192,0
DA:193,0
FN:200,T1 ClingoSharp.Union`2::op_Implicit(ClingoSharp.Union`2<T1,T2>)
FNDA:0,T1 ClingoSharp.Union`2::op_Implicit(ClingoSharp.Union`2<T1,T2>)
DA:201,0
DA:202,0
DA:203,0
DA:204,0
DA:207,0
DA:208,0
BRDA:202,15,0,0
BRDA:202,15,1,0
FN:215,T2 ClingoSharp.Union`2::op_Implicit(ClingoSharp.Union`2<T1,T2>)
FNDA:0,T2 ClingoSharp.Union`2::op_Implicit(ClingoSharp.Union`2<T1,T2>)
DA:216,0
DA:217,0
DA:218,0
DA:219,0
DA:222,0
DA:223,0
BRDA:217,15,0,0
BRDA:217,15,1,0
FN:226,System.Object ClingoSharp.Union`2::Clone()
FNDA:0,System.Object ClingoSharp.Union`2::Clone()
DA:227,0
DA:228,0
DA:229,0
DA:230,0
DA:231,0
DA:232,0
DA:233,0
DA:234,0
DA:236,0
DA:237,0
DA:239,0
DA:240,0
DA:241,0
DA:242,0
DA:243,0
DA:244,0
DA:245,0
DA:247,0
DA:248,0
DA:251,0
DA:252,0
BRDA:228,12,0,0
BRDA:231,38,0,0
BRDA:231,38,1,0
BRDA:228,12,1,0
BRDA:239,95,0,0
BRDA:242,125,0,0
BRDA:242,125,1,0
BRDA:239,95,1,0
FN:264,System.Boolean ClingoSharp.Union`2::op_Equality(ClingoSharp.Union`2<T1,T2>,System.Object)
FNDA:0,System.Boolean ClingoSharp.Union`2::op_Equality(ClingoSharp.Union`2<T1,T2>,System.Object)
DA:265,0
DA:266,0
DA:267,0
FN:275,System.Boolean ClingoSharp.Union`2::op_Inequality(ClingoSharp.Union`2<T1,T2>,System.Object)
FNDA:0,System.Boolean ClingoSharp.Union`2::op_Inequality(ClingoSharp.Union`2<T1,T2>,System.Object)
DA:276,0
DA:277,0
DA:278,0
FN:281,System.Boolean ClingoSharp.Union`2::Equals(System.Object)
FNDA:0,System.Boolean ClingoSharp.Union`2::Equals(System.Object)
DA:282,0
DA:283,0
DA:284,0
DA:285,0
DA:288,0
DA:289,0
BRDA:283,2,0,0
BRDA:283,2,1,0
BRDA:283,21,0,0
BRDA:283,21,1,0
FN:296,System.Boolean ClingoSharp.Union`2::Equals(ClingoSharp.Union`2<T1,T2>)
FNDA:0,System.Boolean ClingoSharp.Union`2::Equals(ClingoSharp.Union`2<T1,T2>)
DA:297,0
DA:298,0
DA:299,0
DA:300,0
DA:302,0
DA:303,0
DA:304,0
DA:307,0
DA:308,0
BRDA:298,13,0,0
BRDA:298,13,1,0
BRDA:298,29,0,0
BRDA:298,29,1,0
BRDA:302,75,0,0
BRDA:302,75,1,0
BRDA:302,91,0,0
BRDA:302,91,1,0
FN:311,System.Int32 ClingoSharp.Union`2::GetHashCode()
FNDA:0,System.Int32 ClingoSharp.Union`2::GetHashCode()
DA:312,0
DA:313,0
DA:314,0
DA:315,0
DA:318,0
DA:319,0
DA:320,0
DA:323,0
DA:324,0
BRDA:313,12,0,0
BRDA:313,12,1,0
BRDA:318,46,0,0
BRDA:318,46,1,0
FN:332,System.Int32 ClingoSharp.Union`2::CompareTo(ClingoSharp.Union`2<T1,T2>)
FNDA:0,System.Int32 ClingoSharp.Union`2::CompareTo(ClingoSharp.Union`2<T1,T2>)
DA:333,0
DA:334,0
DA:335,0
DA:336,0
DA:337,0
DA:338,0
DA:341,0
DA:343,0
DA:344,0
DA:345,0
DA:346,0
DA:347,0
DA:350,0
DA:353,0
DA:354,0
BRDA:334,13,0,0
BRDA:334,13,1,0
BRDA:334,29,0,0
BRDA:336,53,0,0
BRDA:336,53,1,0
BRDA:334,29,1,0
BRDA:343,109,0,0
BRDA:343,109,1,0
BRDA:343,125,0,0
BRDA:345,151,0,0
BRDA:345,151,1,0
BRDA:343,125,1,0
FN:358,System.Int32 ClingoSharp.Union`2::CompareTo(System.Object)
FNDA:0,System.Int32 ClingoSharp.Union`2::CompareTo(System.Object)
DA:359,0
DA:360,0
DA:361,0
DA:362,0
DA:365,0
DA:366,0
BRDA:360,2,0,0
BRDA:360,2,1,0
BRDA:360,21,0,0
BRDA:360,21,1,0
FN:375,System.Boolean ClingoSharp.Union`2::op_LessThan(ClingoSharp.Union`2<T1,T2>,System.Object)
FNDA:0,System.Boolean ClingoSharp.Union`2::op_LessThan(ClingoSharp.Union`2<T1,T2>,System.Object)
DA:376,0
DA:377,0
DA:378,0
FN:387,System.Boolean ClingoSharp.Union`2::op_LessThanOrEqual(ClingoSharp.Union`2<T1,T2>,System.Object)
FNDA:0,System.Boolean ClingoSharp.Union`2::op_LessThanOrEqual(ClingoSharp.Union`2<T1,T2>,System.Object)
DA:388,0
DA:389,0
DA:390,0
FN:399,System.Boolean ClingoSharp.Union`2::op_GreaterThan(ClingoSharp.Union`2<T1,T2>,System.Object)
FNDA:0,System.Boolean ClingoSharp.Union`2::op_GreaterThan(ClingoSharp.Union`2<T1,T2>,System.Object)
DA:400,0
DA:401,0
DA:402,0
FN:411,System.Boolean ClingoSharp.Union`2::op_GreaterThanOrEqual(ClingoSharp.Union`2<T1,T2>,System.Object)
FNDA:0,System.Boolean ClingoSharp.Union`2::op_GreaterThanOrEqual(ClingoSharp.Union`2<T1,T2>,System.Object)
DA:412,0
DA:413,0
DA:414,0
FN:421,System.String ClingoSharp.Union`2::ToString(System.String,System.IFormatProvider)
FNDA:0,System.String ClingoSharp.Union`2::ToString(System.String,System.IFormatProvider)
DA:422,0
DA:423,0
DA:424,0
DA:425,0
DA:426,0
DA:427,0
DA:430,0
DA:432,0
DA:433,0
DA:434,0
DA:435,0
DA:436,0
DA:439,0
DA:442,0
DA:443,0
BRDA:423,12,0,0
BRDA:425,36,0,0
BRDA:425,36,1,0
BRDA:423,12,1,0
BRDA:432,96,0,0
BRDA:434,122,0,0
BRDA:434,122,1,0
BRDA:432,96,1,0
FN:445,System.String ClingoSharp.Union`2::ToString()
FNDA:0,System.String ClingoSharp.Union`2::ToString()
DA:446,0
DA:447,0
DA:448,0
DA:449,0
DA:451,0
DA:452,0
DA:453,0
DA:456,0
DA:457,0
BRDA:447,12,0,0
BRDA:447,12,1,0
BRDA:451,46,0,0
BRDA:451,46,1,0
FN:28,System.Void ClingoSharp.Union`2::.ctor(T1)
FNDA:0,System.Void ClingoSharp.Union`2::.ctor(T1)
DA:29,0
DA:30,0
DA:31,0
DA:32,0
DA:33,0
FN:39,System.Void ClingoSharp.Union`2::.ctor(T2)
FNDA:0,System.Void ClingoSharp.Union`2::.ctor(T2)
DA:40,0
DA:41,0
DA:42,0
DA:43,0
DA:44,0
LF:191
LH:0
BRF:70
BRH:0
FNF:28
FNH:0
end_of_record
SF:D:\Users\neker\source\repos\ClingoSharp\src\ClingoSharp\Exceptions\BadAllocationException.cs
FN:9,System.Void ClingoSharp.Exceptions.BadAllocationException::.ctor()
FNDA:0,System.Void ClingoSharp.Exceptions.BadAllocationException::.ctor()
DA:10,0
FN:10,System.Void ClingoSharp.Exceptions.BadAllocationException::.ctor(System.String)
FNDA:0,System.Void ClingoSharp.Exceptions.BadAllocationException::.ctor(System.String)
DA:11,0
LF:2
LH:0
BRF:0
BRH:0
FNF:2
FNH:0
end_of_record
SF:D:\Users\neker\source\repos\ClingoSharp\src\ClingoSharp\Exceptions\LogicException.cs
FN:9,System.Void ClingoSharp.Exceptions.LogicException::.ctor()
FNDA:0,System.Void ClingoSharp.Exceptions.LogicException::.ctor()
DA:10,0
FN:10,System.Void ClingoSharp.Exceptions.LogicException::.ctor(System.String)
FNDA:0,System.Void ClingoSharp.Exceptions.LogicException::.ctor(System.String)
DA:11,0
LF:2
LH:0
BRF:0
BRH:0
FNF:2
FNH:0
end_of_record
SF:D:\Users\neker\source\repos\ClingoSharp\src\ClingoSharp\Exceptions\RuntimeException.cs
FN:9,System.Void ClingoSharp.Exceptions.RuntimeException::.ctor()
FNDA:0,System.Void ClingoSharp.Exceptions.RuntimeException::.ctor()
DA:10,0
FN:10,System.Void ClingoSharp.Exceptions.RuntimeException::.ctor(System.String)
FNDA:0,System.Void ClingoSharp.Exceptions.RuntimeException::.ctor(System.String)
DA:11,0
LF:2
LH:0
BRF:0
BRH:0
FNF:2
FNH:0
end_of_record
SF:D:\Users\neker\source\repos\ClingoSharp\src\ClingoSharp\Exceptions\UnknownException.cs
FN:6,System.Void ClingoSharp.Exceptions.UnknownException::.ctor()
FNDA:0,System.Void ClingoSharp.Exceptions.UnknownException::.ctor()
DA:7,0
FN:7,System.Void ClingoSharp.Exceptions.UnknownException::.ctor(System.String)
FNDA:0,System.Void ClingoSharp.Exceptions.UnknownException::.ctor(System.String)
DA:8,0
LF:2
LH:0
BRF:0
BRH:0
FNF:2
FNH:0
end_of_record
SF:D:\Users\neker\source\repos\ClingoSharp\src\ClingoSharp\Enums\Enumeration.cs
FN:16,System.Int32 ClingoSharp.Enums.Enumeration::get_Value()
FNDA:0,System.Int32 ClingoSharp.Enums.Enumeration::get_Value()
DA:17,0
FN:21,System.String ClingoSharp.Enums.Enumeration::get_Name()
FNDA:0,System.String ClingoSharp.Enums.Enumeration::get_Name()
DA:22,0
FN:41,System.Collections.Generic.IEnumerable`1<System.String> ClingoSharp.Enums.Enumeration::GetNames()
FNDA:0,System.Collections.Generic.IEnumerable`1<System.String> ClingoSharp.Enums.Enumeration::GetNames()
DA:42,0
DA:43,0
FN:50,System.Collections.Generic.IEnumerable`1<ClingoSharp.Enums.Enumeration> ClingoSharp.Enums.Enumeration::GetValues()
FNDA:0,System.Collections.Generic.IEnumerable`1<ClingoSharp.Enums.Enumeration> ClingoSharp.Enums.Enumeration::GetValues()
DA:51,0
DA:52,0
FN:60,ClingoSharp.Enums.Enumeration ClingoSharp.Enums.Enumeration::GetValue(System.Int32)
FNDA:0,ClingoSharp.Enums.Enumeration ClingoSharp.Enums.Enumeration::GetValue(System.Int32)
DA:61,0
DA:62,0
DA:63,0
FN:71,ClingoSharp.Enums.Enumeration ClingoSharp.Enums.Enumeration::Parse(System.String,System.Boolean)
FNDA:0,ClingoSharp.Enums.Enumeration ClingoSharp.Enums.Enumeration::Parse(System.String,System.Boolean)
DA:72,0
DA:73,0
DA:74,0
DA:75,0
DA:76,0
DA:77,0
DA:80,0
DA:81,0
DA:85,0
DA:86,0
DA:87,0
DA:90,0
DA:91,0
BRDA:73,9,0,0
BRDA:75,18,0,0
BRDA:75,18,1,0
BRDA:73,9,1,0
BRDA:85,48,0,0
BRDA:85,48,1,0
FN:98,ClingoSharp.Enums.Enumeration ClingoSharp.Enums.Enumeration::Parse(System.String)
FNDA:0,ClingoSharp.Enums.Enumeration ClingoSharp.Enums.Enumeration::Parse(System.String)
DA:99,0
DA:100,0
DA:101,0
FN:110,TEnum ClingoSharp.Enums.Enumeration::Parse(System.String,System.Boolean)
FNDA:0,TEnum ClingoSharp.Enums.Enumeration::Parse(System.String,System.Boolean)
DA:111,0
DA:112,0
DA:113,0
FN:121,TEnum ClingoSharp.Enums.Enumeration::Parse(System.String)
FNDA:0,TEnum ClingoSharp.Enums.Enumeration::Parse(System.String)
DA:122,0
DA:123,0
DA:124,0
FN:133,System.Boolean ClingoSharp.Enums.Enumeration::TryParse(System.String,System.Boolean,ClingoSharp.Enums.Enumeration&)
FNDA:0,System.Boolean ClingoSharp.Enums.Enumeration::TryParse(System.String,System.Boolean,ClingoSharp.Enums.Enumeration&)
DA:134,0
DA:135,0
DA:136,0
DA:137,0
BRDA:135,18,0,0
BRDA:135,18,1,0
FN:145,System.Boolean ClingoSharp.Enums.Enumeration::TryParse(System.String,ClingoSharp.Enums.Enumeration&)
FNDA:0,System.Boolean ClingoSharp.Enums.Enumeration::TryParse(System.String,ClingoSharp.Enums.Enumeration&)
DA:146,0
DA:147,0
DA:148,0
FN:158,System.Boolean ClingoSharp.Enums.Enumeration::TryParse(System.String,System.Boolean,TEnum&)
FNDA:0,System.Boolean ClingoSharp.Enums.Enumeration::TryParse(System.String,System.Boolean,TEnum&)
DA:159,0
DA:160,0
DA:161,0
DA:162,0
DA:163,0
DA:166,0
DA:167,0
DA:168,0
BRDA:160,12,0,0
BRDA:160,12,1,0
FN:177,System.Boolean ClingoSharp.Enums.Enumeration::TryParse(System.String,TEnum&)
FNDA:0,System.Boolean ClingoSharp.Enums.Enumeration::TryParse(System.String,TEnum&)
DA:178,0
DA:179,0
DA:180,0
FN:201,System.Boolean ClingoSharp.Enums.Enumeration::Equals(System.Object)
FNDA:0,System.Boolean ClingoSharp.Enums.Enumeration::Equals(System.Object)
DA:202,0
DA:203,0
DA:204,0
DA:205,0
DA:208,0
DA:209,0
DA:210,0
BRDA:203,15,0,0
BRDA:203,15,1,0
FN:213,System.Int32 ClingoSharp.Enums.Enumeration::GetHashCode()
FNDA:0,System.Int32 ClingoSharp.Enums.Enumeration::GetHashCode()
DA:214,0
DA:215,0
DA:216,0
FN:27,System.Void ClingoSharp.Enums.Enumeration::.ctor(System.Int32)
FNDA:0,System.Void ClingoSharp.Enums.Enumeration::.ctor(System.Int32)
DA:28,0
DA:29,0
DA:30,0
DA:31,0
LF:63
LH:0
BRF:12
BRH:0
FNF:16
FNH:0
end_of_record
SF:D:\Users\neker\source\repos\ClingoSharp\src\ClingoSharp.NativeWrapper\ControlModuleImpl.cs
FN:100,System.Boolean ClingoSharp.NativeWrapper.ControlModuleImpl::New(System.String[],ClingoSharp.CoreServices.Callbacks.LoggerCallback,System.UInt32,ClingoSharp.CoreServices.Types.Control&)
FNDA:1,System.Boolean ClingoSharp.NativeWrapper.ControlModuleImpl::New(System.String[],ClingoSharp.CoreServices.Callbacks.LoggerCallback,System.UInt32,ClingoSharp.CoreServices.Types.Control&)
DA:101,1
DA:107,1
DA:109,1
DA:111,1
DA:112,1
DA:114,1
DA:115,1
BRDA:107,18,0,0
BRDA:107,18,1,1
BRDA:111,51,0,1
BRDA:111,51,1,0
FN:117,System.Void ClingoSharp.NativeWrapper.ControlModuleImpl::Free(ClingoSharp.CoreServices.Types.Control)
FNDA:0,System.Void ClingoSharp.NativeWrapper.ControlModuleImpl::Free(ClingoSharp.CoreServices.Types.Control)
DA:118,0
DA:119,0
DA:120,0
FN:126,System.Boolean ClingoSharp.NativeWrapper.ControlModuleImpl::Add(ClingoSharp.CoreServices.Types.Control,System.String,System.String[],System.String)
FNDA:0,System.Boolean ClingoSharp.NativeWrapper.ControlModuleImpl::Add(ClingoSharp.CoreServices.Types.Control,System.String,System.String[],System.String)
DA:127,0
DA:128,0
DA:130,0
DA:132,0
DA:133,0
BRDA:128,4,0,0
BRDA:128,4,1,0
FN:135,System.Boolean ClingoSharp.NativeWrapper.ControlModuleImpl::Ground(ClingoSharp.CoreServices.Types.Control,ClingoSharp.CoreServices.Types.Part[],ClingoSharp.CoreServices.Callbacks.GroundCallback)
FNDA:0,System.Boolean ClingoSharp.NativeWrapper.ControlModuleImpl::Ground(ClingoSharp.CoreServices.Types.Control,ClingoSharp.CoreServices.Types.Part[],ClingoSharp.CoreServices.Callbacks.GroundCallback)
DA:136,0
DA:158,0
DA:159,0
DA:161,0
DA:163,0
DA:164,0
BRDA:158,23,0,0
BRDA:158,23,1,0
BRDA:159,44,0,0
BRDA:159,44,1,0
BRDA:161,76,0,0
BRDA:161,76,1,0
FN:170,System.Boolean ClingoSharp.NativeWrapper.ControlModuleImpl::Solve(ClingoSharp.CoreServices.Types.Control,ClingoSharp.CoreServices.Enums.SolveMode,ClingoSharp.CoreServices.Types.Literal[],ClingoSharp.CoreServices.EventHandlers.SolveEventHandler,ClingoSharp.CoreServices.Types.SolveHandle&)
FNDA:0,System.Boolean ClingoSharp.NativeWrapper.ControlModuleImpl::Solve(ClingoSharp.CoreServices.Types.Control,ClingoSharp.CoreServices.Enums.SolveMode,ClingoSharp.CoreServices.Types.Literal[],ClingoSharp.CoreServices.EventHandlers.SolveEventHandler,ClingoSharp.CoreServices.Types.SolveHandle&)
DA:171,0
DA:183,0
DA:185,0
DA:186,0
DA:188,0
DA:190,0
DA:192,0
DA:194,0
DA:195,0
BRDA:185,19,0,0
BRDA:185,19,1,0
BRDA:186,70,0,0
BRDA:186,70,1,0
BRDA:190,111,0,0
BRDA:190,111,1,0
FN:201,System.Boolean ClingoSharp.NativeWrapper.ControlModuleImpl::GetConst(ClingoSharp.CoreServices.Types.Control,System.String,ClingoSharp.CoreServices.Types.Symbol&)
FNDA:0,System.Boolean ClingoSharp.NativeWrapper.ControlModuleImpl::GetConst(ClingoSharp.CoreServices.Types.Control,System.String,ClingoSharp.CoreServices.Types.Symbol&)
DA:202,0
DA:203,0
DA:204,0
DA:205,0
DA:206,0
DA:207,0
FN:209,System.Boolean ClingoSharp.NativeWrapper.ControlModuleImpl::HasConst(ClingoSharp.CoreServices.Types.Control,System.String,System.Boolean&)
FNDA:0,System.Boolean ClingoSharp.NativeWrapper.ControlModuleImpl::HasConst(ClingoSharp.CoreServices.Types.Control,System.String,System.Boolean&)
DA:210,0
DA:211,0
DA:212,0
DA:213,0
DA:214,0
DA:215,0
FN:217,System.Boolean ClingoSharp.NativeWrapper.ControlModuleImpl::GetSymbolicAtoms(ClingoSharp.CoreServices.Types.Control,ClingoSharp.CoreServices.Types.SymbolicAtoms&)
FNDA:0,System.Boolean ClingoSharp.NativeWrapper.ControlModuleImpl::GetSymbolicAtoms(ClingoSharp.CoreServices.Types.Control,ClingoSharp.CoreServices.Types.SymbolicAtoms&)
DA:218,0
DA:219,0
DA:220,0
DA:221,0
DA:222,0
DA:223,0
FN:26,System.Void ClingoSharp.NativeWrapper.ControlModuleImpl::.ctor()
FNDA:1,System.Void ClingoSharp.NativeWrapper.ControlModuleImpl::.ctor()
DA:27,1
DA:28,1
DA:29,1
DA:30,2
DA:31,2
DA:32,3
DA:33,3
DA:34,3
DA:35,2
DA:36,1
DA:37,2
DA:38,3
DA:39,3
DA:40,3
DA:41,3
DA:42,3
DA:43,3
DA:44,2
DA:45,2
DA:47,1
DA:48,1
FN:140,System.UInt64 ClingoSharp.NativeWrapper.ControlModuleImpl/<>c::<Ground>b__13_3(ClingoSharp.CoreServices.Types.Symbol)
FNDA:0,System.UInt64 ClingoSharp.NativeWrapper.ControlModuleImpl/<>c::<Ground>b__13_3(ClingoSharp.CoreServices.Types.Symbol)
DA:141,0
BRDA:141,2,0,0
BRDA:141,2,1,0
FN:150,ClingoSharp.CoreServices.Types.Symbol ClingoSharp.NativeWrapper.ControlModuleImpl/<>c::<Ground>b__13_2(System.UInt64)
FNDA:0,ClingoSharp.CoreServices.Types.Symbol ClingoSharp.NativeWrapper.ControlModuleImpl/<>c::<Ground>b__13_2(System.UInt64)
DA:151,0
BRDA:151,47,0,0
BRDA:151,47,1,0
FN:102,System.Void ClingoSharp.NativeWrapper.ControlModuleImpl/<>c__DisplayClass10_0::<New>g__clingoLoggerCallback|0(ClingoSharp.NativeWrapper.Enums.clingo_warning,System.String,System.IntPtr)
FNDA:0,System.Void ClingoSharp.NativeWrapper.ControlModuleImpl/<>c__DisplayClass10_0::<New>g__clingoLoggerCallback|0(ClingoSharp.NativeWrapper.Enums.clingo_warning,System.String,System.IntPtr)
DA:103,0
DA:104,0
DA:105,0
FN:172,System.Int32 ClingoSharp.NativeWrapper.ControlModuleImpl/<>c__DisplayClass14_0::<Solve>g__clingoSolveEventCallback|0(ClingoSharp.NativeWrapper.Enums.clingo_solve_event_type,System.IntPtr,System.IntPtr,System.Boolean[]&)
FNDA:0,System.Int32 ClingoSharp.NativeWrapper.ControlModuleImpl/<>c__DisplayClass14_0::<Solve>g__clingoSolveEventCallback|0(ClingoSharp.NativeWrapper.Enums.clingo_solve_event_type,System.IntPtr,System.IntPtr,System.Boolean[]&)
DA:173,0
DA:174,0
DA:176,0
DA:178,0
DA:180,0
DA:181,0
BRDA:180,33,0,0
BRDA:180,33,1,0
LF:80
LH:28
BRF:24
BRH:2
FNF:13
FNH:2
end_of_record
SF:D:\Users\neker\source\repos\ClingoSharp\src\ClingoSharp.NativeWrapper\MainModuleImpl.cs
FN:30,System.String ClingoSharp.NativeWrapper.MainModuleImpl::GetVersion()
FNDA:1,System.String ClingoSharp.NativeWrapper.MainModuleImpl::GetVersion()
DA:31,1
DA:32,1
DA:33,1
DA:34,1
DA:36,1
DA:38,1
DA:39,1
DA:40,1
DA:42,1
DA:43,1
DA:44,1
DA:46,1
DA:47,1
FN:49,ClingoSharp.CoreServices.Enums.ErrorCode ClingoSharp.NativeWrapper.MainModuleImpl::GetErrorCode()
FNDA:0,ClingoSharp.CoreServices.Enums.ErrorCode ClingoSharp.NativeWrapper.MainModuleImpl::GetErrorCode()
DA:50,0
DA:51,0
DA:52,0
FN:54,System.String ClingoSharp.NativeWrapper.MainModuleImpl::GetErrorMessage()
FNDA:0,System.String ClingoSharp.NativeWrapper.MainModuleImpl::GetErrorMessage()
DA:55,0
DA:56,0
DA:57,0
LF:19
LH:13
BRF:0
BRH:0
FNF:3
FNH:1
end_of_record
SF:D:\Users\neker\source\repos\ClingoSharp\src\ClingoSharp.NativeWrapper\ModelModuleImpl.cs
FN:73,System.Boolean ClingoSharp.NativeWrapper.ModelModuleImpl::Contains(ClingoSharp.CoreServices.Types.Model,ClingoSharp.CoreServices.Types.Symbol,System.Boolean&)
FNDA:0,System.Boolean ClingoSharp.NativeWrapper.ModelModuleImpl::Contains(ClingoSharp.CoreServices.Types.Model,ClingoSharp.CoreServices.Types.Symbol,System.Boolean&)
DA:74,0
DA:75,0
DA:76,0
DA:77,0
DA:78,0
DA:79,0
FN:81,System.Boolean ClingoSharp.NativeWrapper.ModelModuleImpl::Extends(ClingoSharp.CoreServices.Types.Model,ClingoSharp.CoreServices.Types.Symbol[])
FNDA:0,System.Boolean ClingoSharp.NativeWrapper.ModelModuleImpl::Extends(ClingoSharp.CoreServices.Types.Model,ClingoSharp.CoreServices.Types.Symbol[])
DA:82,0
DA:83,0
DA:84,0
DA:85,0
DA:86,0
DA:87,0
BRDA:83,2,0,0
BRDA:83,2,1,0
BRDA:84,53,0,0
BRDA:84,53,1,0
FN:89,System.Boolean ClingoSharp.NativeWrapper.ModelModuleImpl::GetCosts(ClingoSharp.CoreServices.Types.Model,System.Int64[]&)
FNDA:0,System.Boolean ClingoSharp.NativeWrapper.ModelModuleImpl::GetCosts(ClingoSharp.CoreServices.Types.Model,System.Int64[]&)
DA:90,0
DA:91,0
DA:92,0
DA:94,0
DA:95,0
DA:96,0
DA:97,0
DA:98,0
DA:101,0
DA:102,0
DA:103,0
BRDA:94,27,0,0
BRDA:94,27,1,0
FN:105,System.Boolean ClingoSharp.NativeWrapper.ModelModuleImpl::GetNumber(ClingoSharp.CoreServices.Types.Model,System.UInt64&)
FNDA:0,System.Boolean ClingoSharp.NativeWrapper.ModelModuleImpl::GetNumber(ClingoSharp.CoreServices.Types.Model,System.UInt64&)
DA:106,0
DA:107,0
DA:108,0
DA:109,0
DA:110,0
DA:111,0
FN:113,System.Boolean ClingoSharp.NativeWrapper.ModelModuleImpl::GetSymbols(ClingoSharp.CoreServices.Types.Model,ClingoSharp.CoreServices.Enums.ShowType,ClingoSharp.CoreServices.Types.Symbol[]&)
FNDA:0,System.Boolean ClingoSharp.NativeWrapper.ModelModuleImpl::GetSymbols(ClingoSharp.CoreServices.Types.Model,ClingoSharp.CoreServices.Enums.ShowType,ClingoSharp.CoreServices.Types.Symbol[]&)
DA:114,0
DA:115,0
DA:116,0
DA:118,0
DA:119,0
DA:120,0
DA:121,0
DA:122,0
DA:123,0
DA:126,0
DA:127,0
DA:128,0
BRDA:118,28,0,0
BRDA:118,28,1,0
FN:130,System.Boolean ClingoSharp.NativeWrapper.ModelModuleImpl::GetThreadId(ClingoSharp.CoreServices.Types.Model,ClingoSharp.CoreServices.Types.Id&)
FNDA:0,System.Boolean ClingoSharp.NativeWrapper.ModelModuleImpl::GetThreadId(ClingoSharp.CoreServices.Types.Model,ClingoSharp.CoreServices.Types.Id&)
DA:131,0
DA:132,0
DA:133,0
DA:134,0
DA:135,0
DA:136,0
FN:138,System.Boolean ClingoSharp.NativeWrapper.ModelModuleImpl::GetType(ClingoSharp.CoreServices.Types.Model,ClingoSharp.CoreServices.Enums.ModelType&)
FNDA:0,System.Boolean ClingoSharp.NativeWrapper.ModelModuleImpl::GetType(ClingoSharp.CoreServices.Types.Model,ClingoSharp.CoreServices.Enums.ModelType&)
DA:139,0
DA:140,0
DA:141,0
DA:142,0
DA:143,0
DA:144,0
FN:146,System.Boolean ClingoSharp.NativeWrapper.ModelModuleImpl::IsOptimalityProven(ClingoSharp.CoreServices.Types.Model,System.Boolean&)
FNDA:0,System.Boolean ClingoSharp.NativeWrapper.ModelModuleImpl::IsOptimalityProven(ClingoSharp.CoreServices.Types.Model,System.Boolean&)
DA:147,0
DA:148,0
DA:149,0
DA:150,0
DA:151,0
DA:152,0
FN:154,System.Boolean ClingoSharp.NativeWrapper.ModelModuleImpl::IsTrue(ClingoSharp.CoreServices.Types.Model,ClingoSharp.CoreServices.Types.Literal,System.Boolean&)
FNDA:0,System.Boolean ClingoSharp.NativeWrapper.ModelModuleImpl::IsTrue(ClingoSharp.CoreServices.Types.Model,ClingoSharp.CoreServices.Types.Literal,System.Boolean&)
DA:155,0
DA:156,0
DA:157,0
DA:158,0
DA:159,0
DA:160,0
FN:166,System.Boolean ClingoSharp.NativeWrapper.ModelModuleImpl::GetContext(ClingoSharp.CoreServices.Types.Model,ClingoSharp.CoreServices.Types.SolveControl&)
FNDA:0,System.Boolean ClingoSharp.NativeWrapper.ModelModuleImpl::GetContext(ClingoSharp.CoreServices.Types.Model,ClingoSharp.CoreServices.Types.SolveControl&)
DA:167,0
DA:168,0
DA:169,0
DA:170,0
DA:171,0
DA:172,0
FN:174,System.Boolean ClingoSharp.NativeWrapper.ModelModuleImpl::GetSymbolicAtoms(ClingoSharp.CoreServices.Types.SolveControl,ClingoSharp.CoreServices.Types.SymbolicAtoms&)
FNDA:0,System.Boolean ClingoSharp.NativeWrapper.ModelModuleImpl::GetSymbolicAtoms(ClingoSharp.CoreServices.Types.SolveControl,ClingoSharp.CoreServices.Types.SymbolicAtoms&)
DA:175,0
DA:176,0
DA:177,0
DA:178,0
DA:179,0
DA:180,0
FN:182,System.Boolean ClingoSharp.NativeWrapper.ModelModuleImpl::AddClause(ClingoSharp.CoreServices.Types.SolveControl,ClingoSharp.CoreServices.Types.Literal[])
FNDA:0,System.Boolean ClingoSharp.NativeWrapper.ModelModuleImpl::AddClause(ClingoSharp.CoreServices.Types.SolveControl,ClingoSharp.CoreServices.Types.Literal[])
DA:183,0
DA:184,0
DA:185,0
DA:186,0
DA:187,0
DA:188,0
BRDA:184,2,0,0
BRDA:184,2,1,0
BRDA:185,53,0,0
BRDA:185,53,1,0
LF:83
LH:0
BRF:12
BRH:0
FNF:12
FNH:0
end_of_record
SF:D:\Users\neker\source\repos\ClingoSharp\src\ClingoSharp.NativeWrapper\SolveHandleModuleImpl.cs
FN:37,System.Boolean ClingoSharp.NativeWrapper.SolveHandleModuleImpl::Get(ClingoSharp.CoreServices.Types.SolveHandle,ClingoSharp.CoreServices.Enums.SolveResult&)
FNDA:0,System.Boolean ClingoSharp.NativeWrapper.SolveHandleModuleImpl::Get(ClingoSharp.CoreServices.Types.SolveHandle,ClingoSharp.CoreServices.Enums.SolveResult&)
DA:38,0
DA:39,0
DA:40,0
DA:41,0
DA:42,0
DA:43,0
FN:45,System.Void ClingoSharp.NativeWrapper.SolveHandleModuleImpl::Wait(ClingoSharp.CoreServices.Types.SolveHandle,System.Double,System.Boolean&)
FNDA:0,System.Void ClingoSharp.NativeWrapper.SolveHandleModuleImpl::Wait(ClingoSharp.CoreServices.Types.SolveHandle,System.Double,System.Boolean&)
DA:46,0
DA:47,0
DA:48,0
DA:49,0
DA:50,0
FN:52,System.Boolean ClingoSharp.NativeWrapper.SolveHandleModuleImpl::Model(ClingoSharp.CoreServices.Types.SolveHandle,ClingoSharp.CoreServices.Types.Model&)
FNDA:0,System.Boolean ClingoSharp.NativeWrapper.SolveHandleModuleImpl::Model(ClingoSharp.CoreServices.Types.SolveHandle,ClingoSharp.CoreServices.Types.Model&)
DA:53,0
DA:54,0
DA:55,0
DA:56,0
DA:57,0
DA:58,0
FN:60,System.Boolean ClingoSharp.NativeWrapper.SolveHandleModuleImpl::Resume(ClingoSharp.CoreServices.Types.SolveHandle)
FNDA:0,System.Boolean ClingoSharp.NativeWrapper.SolveHandleModuleImpl::Resume(ClingoSharp.CoreServices.Types.SolveHandle)
DA:61,0
DA:62,0
DA:63,0
DA:64,0
FN:66,System.Boolean ClingoSharp.NativeWrapper.SolveHandleModuleImpl::Cancel(ClingoSharp.CoreServices.Types.SolveHandle)
FNDA:0,System.Boolean ClingoSharp.NativeWrapper.SolveHandleModuleImpl::Cancel(ClingoSharp.CoreServices.Types.SolveHandle)
DA:67,0
DA:68,0
DA:69,0
DA:70,0
FN:72,System.Boolean ClingoSharp.NativeWrapper.SolveHandleModuleImpl::Close(ClingoSharp.CoreServices.Types.SolveHandle)
FNDA:0,System.Boolean ClingoSharp.NativeWrapper.SolveHandleModuleImpl::Close(ClingoSharp.CoreServices.Types.SolveHandle)
DA:73,0
DA:74,0
DA:75,0
DA:76,0
LF:29
LH:0
BRF:0
BRH:0
FNF:6
FNH:0
end_of_record
SF:D:\Users\neker\source\repos\ClingoSharp\src\ClingoSharp.NativeWrapper\SymbolicAtomsModuleImpl.cs
FN:58,System.Boolean ClingoSharp.NativeWrapper.SymbolicAtomsModuleImpl::GetSize(ClingoSharp.CoreServices.Types.SymbolicAtoms,System.UIntPtr&)
FNDA:0,System.Boolean ClingoSharp.NativeWrapper.SymbolicAtomsModuleImpl::GetSize(ClingoSharp.CoreServices.Types.SymbolicAtoms,System.UIntPtr&)
DA:59,0
DA:60,0
DA:61,0
DA:62,0
DA:63,0
DA:64,0
FN:66,System.Boolean ClingoSharp.NativeWrapper.SymbolicAtomsModuleImpl::GetBeginIterator(ClingoSharp.CoreServices.Types.SymbolicAtoms,ClingoSharp.CoreServices.Types.Signature,ClingoSharp.CoreServices.Types.SymbolicAtomIterator&)
FNDA:0,System.Boolean ClingoSharp.NativeWrapper.SymbolicAtomsModuleImpl::GetBeginIterator(ClingoSharp.CoreServices.Types.SymbolicAtoms,ClingoSharp.CoreServices.Types.Signature,ClingoSharp.CoreServices.Types.SymbolicAtomIterator&)
DA:67,0
DA:68,0
DA:69,0
DA:70,0
DA:71,0
DA:72,0
DA:73,0
BRDA:69,9,0,0
BRDA:69,9,1,0
FN:75,System.Boolean ClingoSharp.NativeWrapper.SymbolicAtomsModuleImpl::GetEndIterator(ClingoSharp.CoreServices.Types.SymbolicAtoms,ClingoSharp.CoreServices.Types.SymbolicAtomIterator&)
FNDA:0,System.Boolean ClingoSharp.NativeWrapper.SymbolicAtomsModuleImpl::GetEndIterator(ClingoSharp.CoreServices.Types.SymbolicAtoms,ClingoSharp.CoreServices.Types.SymbolicAtomIterator&)
DA:76,0
DA:77,0
DA:78,0
DA:79,0
DA:80,0
DA:81,0
FN:83,System.Boolean ClingoSharp.NativeWrapper.SymbolicAtomsModuleImpl::Find(ClingoSharp.CoreServices.Types.SymbolicAtoms,ClingoSharp.CoreServices.Types.Symbol,ClingoSharp.CoreServices.Types.SymbolicAtomIterator&)
FNDA:0,System.Boolean ClingoSharp.NativeWrapper.SymbolicAtomsModuleImpl::Find(ClingoSharp.CoreServices.Types.SymbolicAtoms,ClingoSharp.CoreServices.Types.Symbol,ClingoSharp.CoreServices.Types.SymbolicAtomIterator&)
DA:84,0
DA:85,0
DA:86,0
DA:87,0
DA:88,0
DA:89,0
FN:91,System.Boolean ClingoSharp.NativeWrapper.SymbolicAtomsModuleImpl::IteratorIsEqualTo(ClingoSharp.CoreServices.Types.SymbolicAtoms,ClingoSharp.CoreServices.Types.SymbolicAtomIterator,ClingoSharp.CoreServices.Types.SymbolicAtomIterator,System.Boolean&)
FNDA:0,System.Boolean ClingoSharp.NativeWrapper.SymbolicAtomsModuleImpl::IteratorIsEqualTo(ClingoSharp.CoreServices.Types.SymbolicAtoms,ClingoSharp.CoreServices.Types.SymbolicAtomIterator,ClingoSharp.CoreServices.Types.SymbolicAtomIterator,System.Boolean&)
DA:92,0
DA:93,0
DA:94,0
DA:95,0
DA:96,0
DA:97,0
FN:99,System.Boolean ClingoSharp.NativeWrapper.SymbolicAtomsModuleImpl::GetSymbol(ClingoSharp.CoreServices.Types.SymbolicAtoms,ClingoSharp.CoreServices.Types.SymbolicAtomIterator,ClingoSharp.CoreServices.Types.Symbol&)
FNDA:0,System.Boolean ClingoSharp.NativeWrapper.SymbolicAtomsModuleImpl::GetSymbol(ClingoSharp.CoreServices.Types.SymbolicAtoms,ClingoSharp.CoreServices.Types.SymbolicAtomIterator,ClingoSharp.CoreServices.Types.Symbol&)
DA:100,0
DA:101,0
DA:102,0
DA:103,0
DA:104,0
DA:105,0
FN:107,System.Boolean ClingoSharp.NativeWrapper.SymbolicAtomsModuleImpl::IsFact(ClingoSharp.CoreServices.Types.SymbolicAtoms,ClingoSharp.CoreServices.Types.SymbolicAtomIterator,System.Boolean&)
FNDA:0,System.Boolean ClingoSharp.NativeWrapper.SymbolicAtomsModuleImpl::IsFact(ClingoSharp.CoreServices.Types.SymbolicAtoms,ClingoSharp.CoreServices.Types.SymbolicAtomIterator,System.Boolean&)
DA:108,0
DA:109,0
DA:110,0
DA:111,0
DA:112,0
DA:113,0
FN:115,System.Boolean ClingoSharp.NativeWrapper.SymbolicAtomsModuleImpl::IsExternal(ClingoSharp.CoreServices.Types.SymbolicAtoms,ClingoSharp.CoreServices.Types.SymbolicAtomIterator,System.Boolean&)
FNDA:0,System.Boolean ClingoSharp.NativeWrapper.SymbolicAtomsModuleImpl::IsExternal(ClingoSharp.CoreServices.Types.SymbolicAtoms,ClingoSharp.CoreServices.Types.SymbolicAtomIterator,System.Boolean&)
DA:116,0
DA:117,0
DA:118,0
DA:119,0
DA:120,0
DA:121,0
FN:123,System.Boolean ClingoSharp.NativeWrapper.SymbolicAtomsModuleImpl::GetLiteral(ClingoSharp.CoreServices.Types.SymbolicAtoms,ClingoSharp.CoreServices.Types.SymbolicAtomIterator,ClingoSharp.CoreServices.Types.Literal&)
FNDA:0,System.Boolean ClingoSharp.NativeWrapper.SymbolicAtomsModuleImpl::GetLiteral(ClingoSharp.CoreServices.Types.SymbolicAtoms,ClingoSharp.CoreServices.Types.SymbolicAtomIterator,ClingoSharp.CoreServices.Types.Literal&)
DA:124,0
DA:125,0
DA:126,0
DA:127,0
DA:128,0
DA:129,0
FN:131,System.Boolean ClingoSharp.NativeWrapper.SymbolicAtomsModuleImpl::GetSignatures(ClingoSharp.CoreServices.Types.SymbolicAtoms,ClingoSharp.CoreServices.Types.Signature[]&)
FNDA:0,System.Boolean ClingoSharp.NativeWrapper.SymbolicAtomsModuleImpl::GetSignatures(ClingoSharp.CoreServices.Types.SymbolicAtoms,ClingoSharp.CoreServices.Types.Signature[]&)
DA:132,0
DA:133,0
DA:134,0
DA:136,0
DA:137,0
DA:138,0
DA:139,0
DA:140,0
DA:141,0
DA:144,0
DA:145,0
DA:146,0
BRDA:136,27,0,0
BRDA:136,27,1,0
FN:148,System.Boolean ClingoSharp.NativeWrapper.SymbolicAtomsModuleImpl::GetNext(ClingoSharp.CoreServices.Types.SymbolicAtoms,ClingoSharp.CoreServices.Types.SymbolicAtomIterator,ClingoSharp.CoreServices.Types.SymbolicAtomIterator&)
FNDA:0,System.Boolean ClingoSharp.NativeWrapper.SymbolicAtomsModuleImpl::GetNext(ClingoSharp.CoreServices.Types.SymbolicAtoms,ClingoSharp.CoreServices.Types.SymbolicAtomIterator,ClingoSharp.CoreServices.Types.SymbolicAtomIterator&)
DA:149,0
DA:150,0
DA:151,0
DA:152,0
DA:153,0
DA:154,0
FN:156,System.Boolean ClingoSharp.NativeWrapper.SymbolicAtomsModuleImpl::IsValid(ClingoSharp.CoreServices.Types.SymbolicAtoms,ClingoSharp.CoreServices.Types.SymbolicAtomIterator,System.Boolean&)
FNDA:0,System.Boolean ClingoSharp.NativeWrapper.SymbolicAtomsModuleImpl::IsValid(ClingoSharp.CoreServices.Types.SymbolicAtoms,ClingoSharp.CoreServices.Types.SymbolicAtomIterator,System.Boolean&)
DA:157,0
DA:158,0
DA:159,0
DA:160,0
DA:161,0
DA:162,0
LF:79
LH:0
BRF:4
BRH:0
FNF:12
FNH:0
end_of_record
SF:D:\Users\neker\source\repos\ClingoSharp\src\ClingoSharp.NativeWrapper\SymbolModuleImpl.cs
FN:119,System.Boolean ClingoSharp.NativeWrapper.SymbolModuleImpl::CreateSignature(System.String,System.UInt32,System.Boolean,ClingoSharp.CoreServices.Types.Signature&)
FNDA:0,System.Boolean ClingoSharp.NativeWrapper.SymbolModuleImpl::CreateSignature(System.String,System.UInt32,System.Boolean,ClingoSharp.CoreServices.Types.Signature&)
DA:120,0
DA:121,0
DA:123,0
DA:124,0
DA:126,0
DA:127,0
FN:129,System.String ClingoSharp.NativeWrapper.SymbolModuleImpl::GetName(ClingoSharp.CoreServices.Types.Signature)
FNDA:0,System.String ClingoSharp.NativeWrapper.SymbolModuleImpl::GetName(ClingoSharp.CoreServices.Types.Signature)
DA:130,0
DA:131,0
DA:132,0
FN:134,System.UInt32 ClingoSharp.NativeWrapper.SymbolModuleImpl::GetArity(ClingoSharp.CoreServices.Types.Signature)
FNDA:0,System.UInt32 ClingoSharp.NativeWrapper.SymbolModuleImpl::GetArity(ClingoSharp.CoreServices.Types.Signature)
DA:135,0
DA:136,0
DA:137,0
FN:139,System.Boolean ClingoSharp.NativeWrapper.SymbolModuleImpl::IsPositive(ClingoSharp.CoreServices.Types.Signature)
FNDA:0,System.Boolean ClingoSharp.NativeWrapper.SymbolModuleImpl::IsPositive(ClingoSharp.CoreServices.Types.Signature)
DA:140,0
DA:141,0
DA:142,0
FN:144,System.Boolean ClingoSharp.NativeWrapper.SymbolModuleImpl::IsNegative(ClingoSharp.CoreServices.Types.Signature)
FNDA:0,System.Boolean ClingoSharp.NativeWrapper.SymbolModuleImpl::IsNegative(ClingoSharp.CoreServices.Types.Signature)
DA:145,0
DA:146,0
DA:147,0
FN:149,System.Boolean ClingoSharp.NativeWrapper.SymbolModuleImpl::IsEqualTo(ClingoSharp.CoreServices.Types.Signature,ClingoSharp.CoreServices.Types.Signature)
FNDA:0,System.Boolean ClingoSharp.NativeWrapper.SymbolModuleImpl::IsEqualTo(ClingoSharp.CoreServices.Types.Signature,ClingoSharp.CoreServices.Types.Signature)
DA:150,0
DA:151,0
DA:152,0
FN:154,System.Boolean ClingoSharp.NativeWrapper.SymbolModuleImpl::IsLessThan(ClingoSharp.CoreServices.Types.Signature,ClingoSharp.CoreServices.Types.Signature)
FNDA:0,System.Boolean ClingoSharp.NativeWrapper.SymbolModuleImpl::IsLessThan(ClingoSharp.CoreServices.Types.Signature,ClingoSharp.CoreServices.Types.Signature)
DA:155,0
DA:156,0
DA:157,0
FN:159,System.UIntPtr ClingoSharp.NativeWrapper.SymbolModuleImpl::GetHash(ClingoSharp.CoreServices.Types.Signature)
FNDA:0,System.UIntPtr ClingoSharp.NativeWrapper.SymbolModuleImpl::GetHash(ClingoSharp.CoreServices.Types.Signature)
DA:160,0
DA:161,0
DA:162,0
FN:168,System.Void ClingoSharp.NativeWrapper.SymbolModuleImpl::CreateNumber(System.Int32,ClingoSharp.CoreServices.Types.Symbol&)
FNDA:0,System.Void ClingoSharp.NativeWrapper.SymbolModuleImpl::CreateNumber(System.Int32,ClingoSharp.CoreServices.Types.Symbol&)
DA:169,0
DA:170,0
DA:171,0
DA:172,0
DA:173,0
FN:175,System.Void ClingoSharp.NativeWrapper.SymbolModuleImpl::CreateSupremum(ClingoSharp.CoreServices.Types.Symbol&)
FNDA:0,System.Void ClingoSharp.NativeWrapper.SymbolModuleImpl::CreateSupremum(ClingoSharp.CoreServices.Types.Symbol&)
DA:176,0
DA:177,0
DA:178,0
DA:179,0
DA:180,0
FN:182,System.Void ClingoSharp.NativeWrapper.SymbolModuleImpl::CreateInfimum(ClingoSharp.CoreServices.Types.Symbol&)
FNDA:0,System.Void ClingoSharp.NativeWrapper.SymbolModuleImpl::CreateInfimum(ClingoSharp.CoreServices.Types.Symbol&)
DA:183,0
DA:184,0
DA:185,0
DA:186,0
DA:187,0
FN:189,System.Boolean ClingoSharp.NativeWrapper.SymbolModuleImpl::CreateString(System.String,ClingoSharp.CoreServices.Types.Symbol&)
FNDA:0,System.Boolean ClingoSharp.NativeWrapper.SymbolModuleImpl::CreateString(System.String,ClingoSharp.CoreServices.Types.Symbol&)
DA:190,0
DA:191,0
DA:192,0
DA:193,0
DA:194,0
DA:195,0
FN:197,System.Boolean ClingoSharp.NativeWrapper.SymbolModuleImpl::CreateId(System.String,System.Boolean,ClingoSharp.CoreServices.Types.Symbol&)
FNDA:0,System.Boolean ClingoSharp.NativeWrapper.SymbolModuleImpl::CreateId(System.String,System.Boolean,ClingoSharp.CoreServices.Types.Symbol&)
DA:198,0
DA:199,0
DA:200,0
DA:201,0
DA:202,0
DA:203,0
FN:205,System.Boolean ClingoSharp.NativeWrapper.SymbolModuleImpl::CreateFunction(System.String,ClingoSharp.CoreServices.Types.Symbol[],System.Boolean,ClingoSharp.CoreServices.Types.Symbol&)
FNDA:0,System.Boolean ClingoSharp.NativeWrapper.SymbolModuleImpl::CreateFunction(System.String,ClingoSharp.CoreServices.Types.Symbol[],System.Boolean,ClingoSharp.CoreServices.Types.Symbol&)
DA:206,0
DA:207,0
DA:208,0
DA:210,0
DA:212,0
DA:213,0
DA:215,0
DA:216,0
BRDA:208,47,0,0
BRDA:208,47,1,0
FN:222,System.Boolean ClingoSharp.NativeWrapper.SymbolModuleImpl::GetNumber(ClingoSharp.CoreServices.Types.Symbol,System.Int32&)
FNDA:0,System.Boolean ClingoSharp.NativeWrapper.SymbolModuleImpl::GetNumber(ClingoSharp.CoreServices.Types.Symbol,System.Int32&)
DA:223,0
DA:224,0
DA:226,0
DA:227,0
DA:229,0
DA:230,0
FN:232,System.Boolean ClingoSharp.NativeWrapper.SymbolModuleImpl::GetName(ClingoSharp.CoreServices.Types.Symbol,System.String&)
FNDA:0,System.Boolean ClingoSharp.NativeWrapper.SymbolModuleImpl::GetName(ClingoSharp.CoreServices.Types.Symbol,System.String&)
DA:233,0
DA:234,0
DA:236,0
DA:237,0
DA:239,0
DA:240,0
FN:242,System.Boolean ClingoSharp.NativeWrapper.SymbolModuleImpl::GetString(ClingoSharp.CoreServices.Types.Symbol,System.String&)
FNDA:0,System.Boolean ClingoSharp.NativeWrapper.SymbolModuleImpl::GetString(ClingoSharp.CoreServices.Types.Symbol,System.String&)
DA:243,0
DA:244,0
DA:246,0
DA:247,0
DA:249,0
DA:250,0
FN:252,System.Boolean ClingoSharp.NativeWrapper.SymbolModuleImpl::IsPositive(ClingoSharp.CoreServices.Types.Symbol,System.Boolean&)
FNDA:0,System.Boolean ClingoSharp.NativeWrapper.SymbolModuleImpl::IsPositive(ClingoSharp.CoreServices.Types.Symbol,System.Boolean&)
DA:253,0
DA:254,0
DA:256,0
DA:257,0
DA:259,0
DA:260,0
FN:262,System.Boolean ClingoSharp.NativeWrapper.SymbolModuleImpl::IsNegative(ClingoSharp.CoreServices.Types.Symbol,System.Boolean&)
FNDA:0,System.Boolean ClingoSharp.NativeWrapper.SymbolModuleImpl::IsNegative(ClingoSharp.CoreServices.Types.Symbol,System.Boolean&)
DA:263,0
DA:264,0
DA:266,0
DA:267,0
DA:269,0
DA:270,0
FN:272,System.Boolean ClingoSharp.NativeWrapper.SymbolModuleImpl::GetArguments(ClingoSharp.CoreServices.Types.Symbol,ClingoSharp.CoreServices.Types.Symbol[]&)
FNDA:0,System.Boolean ClingoSharp.NativeWrapper.SymbolModuleImpl::GetArguments(ClingoSharp.CoreServices.Types.Symbol,ClingoSharp.CoreServices.Types.Symbol[]&)
DA:273,0
DA:274,0
DA:275,0
DA:277,0
DA:280,0
DA:281,0
DA:282,0
DA:285,0
DA:286,0
DA:287,0
DA:288,0
DA:289,0
DA:291,0
DA:292,0
BRDA:286,124,1,0
BRDA:286,124,0,0
FN:294,ClingoSharp.CoreServices.Enums.SymbolType ClingoSharp.NativeWrapper.SymbolModuleImpl::GetType(ClingoSharp.CoreServices.Types.Symbol)
FNDA:0,ClingoSharp.CoreServices.Enums.SymbolType ClingoSharp.NativeWrapper.SymbolModuleImpl::GetType(ClingoSharp.CoreServices.Types.Symbol)
DA:295,0
DA:296,0
DA:297,0
FN:299,System.Boolean ClingoSharp.NativeWrapper.SymbolModuleImpl::ToString(ClingoSharp.CoreServices.Types.Symbol,System.String&)
FNDA:0,System.Boolean ClingoSharp.NativeWrapper.SymbolModuleImpl::ToString(ClingoSharp.CoreServices.Types.Symbol,System.String&)
DA:300,0
DA:301,0
DA:303,0
DA:305,0
DA:306,0
DA:307,0
DA:309,0
DA:311,0
DA:312,0
DA:314,0
DA:317,0
DA:318,0
DA:319,0
BRDA:305,27,0,0
BRDA:305,27,1,0
FN:325,System.Boolean ClingoSharp.NativeWrapper.SymbolModuleImpl::IsEqualTo(ClingoSharp.CoreServices.Types.Symbol,ClingoSharp.CoreServices.Types.Symbol)
FNDA:0,System.Boolean ClingoSharp.NativeWrapper.SymbolModuleImpl::IsEqualTo(ClingoSharp.CoreServices.Types.Symbol,ClingoSharp.CoreServices.Types.Symbol)
DA:326,0
DA:327,0
DA:328,0
FN:330,System.Boolean ClingoSharp.NativeWrapper.SymbolModuleImpl::IsLessThan(ClingoSharp.CoreServices.Types.Symbol,ClingoSharp.CoreServices.Types.Symbol)
FNDA:0,System.Boolean ClingoSharp.NativeWrapper.SymbolModuleImpl::IsLessThan(ClingoSharp.CoreServices.Types.Symbol,ClingoSharp.CoreServices.Types.Symbol)
DA:331,0
DA:332,0
DA:333,0
FN:335,System.UIntPtr ClingoSharp.NativeWrapper.SymbolModuleImpl::GetHash(ClingoSharp.CoreServices.Types.Symbol)
FNDA:0,System.UIntPtr ClingoSharp.NativeWrapper.SymbolModuleImpl::GetHash(ClingoSharp.CoreServices.Types.Symbol)
DA:336,0
DA:337,0
DA:338,0
LF:131
LH:0
BRF:6
BRH:0
FNF:25
FNH:0
end_of_record